\BOOKMARK [1][-]{section.1}{afdele}{}% 1
\BOOKMARK [2][-]{subsection.1.1}{xVB}{section.1}% 2
\BOOKMARK [1][-]{section.2}{affinne}{}% 3
\BOOKMARK [2][-]{subsection.2.1}{xVB}{section.2}% 4
\BOOKMARK [1][-]{section.3}{afgange}{}% 5
\BOOKMARK [2][-]{subsection.3.1}{xVB}{section.3}% 6
\BOOKMARK [1][-]{section.4}{afhænde}{}% 7
\BOOKMARK [2][-]{subsection.4.1}{xVB}{section.4}% 8
\BOOKMARK [1][-]{section.5}{afkome}{}% 9
\BOOKMARK [2][-]{subsection.5.1}{xVB}{section.5}% 10
\BOOKMARK [1][-]{section.6}{aflate}{}% 11
\BOOKMARK [2][-]{subsection.6.1}{xVB}{section.6}% 12
\BOOKMARK [1][-]{section.7}{afname}{}% 13
\BOOKMARK [2][-]{subsection.7.1}{xVB}{section.7}% 14
\BOOKMARK [1][-]{section.8}{afvinne}{}% 15
\BOOKMARK [2][-]{subsection.8.1}{xVB}{section.8}% 16
\BOOKMARK [1][-]{section.9}{aghe}{}% 17
\BOOKMARK [2][-]{subsection.9.1}{xVB}{section.9}% 18
\BOOKMARK [1][-]{section.10}{akte}{}% 19
\BOOKMARK [2][-]{subsection.10.1}{xVB}{section.10}% 20
\BOOKMARK [1][-]{section.11}{andsvare}{}% 21
\BOOKMARK [2][-]{subsection.11.1}{xVB}{section.11}% 22
\BOOKMARK [1][-]{section.12}{andvarthe}{}% 23
\BOOKMARK [2][-]{subsection.12.1}{xVB}{section.12}% 24
\BOOKMARK [1][-]{section.13}{anname}{}% 25
\BOOKMARK [2][-]{subsection.13.1}{xVB}{section.13}% 26
\BOOKMARK [1][-]{section.14}{arbejde}{}% 27
\BOOKMARK [2][-]{subsection.14.1}{xVB}{section.14}% 28
\BOOKMARK [1][-]{section.15}{arve}{}% 29
\BOOKMARK [2][-]{subsection.15.1}{xVB}{section.15}% 30
\BOOKMARK [1][-]{section.16}{atnøghje}{}% 31
\BOOKMARK [2][-]{subsection.16.1}{xVB}{section.16}% 32
\BOOKMARK [1][-]{section.17}{atthra}{}% 33
\BOOKMARK [2][-]{subsection.17.1}{xVB}{section.17}% 34
\BOOKMARK [1][-]{section.18}{bebreve}{}% 35
\BOOKMARK [2][-]{subsection.18.1}{xVB}{section.18}% 36
\BOOKMARK [1][-]{section.19}{befale}{}% 37
\BOOKMARK [2][-]{subsection.19.1}{xVB}{section.19}% 38
\BOOKMARK [1][-]{section.20}{befalle}{}% 39
\BOOKMARK [2][-]{subsection.20.1}{xVB}{section.20}% 40
\BOOKMARK [1][-]{section.21}{befæste}{}% 41
\BOOKMARK [2][-]{subsection.21.1}{xVB}{section.21}% 42
\BOOKMARK [1][-]{section.22}{begange}{}% 43
\BOOKMARK [2][-]{subsection.22.1}{xVB}{section.22}% 44
\BOOKMARK [1][-]{section.23}{begive}{}% 45
\BOOKMARK [2][-]{subsection.23.1}{xVB}{section.23}% 46
\BOOKMARK [1][-]{section.24}{begripe}{}% 47
\BOOKMARK [2][-]{subsection.24.1}{xVB}{section.24}% 48
\BOOKMARK [1][-]{section.25}{begræte}{}% 49
\BOOKMARK [2][-]{subsection.25.1}{xVB}{section.25}% 50
\BOOKMARK [1][-]{section.26}{begynne}{}% 51
\BOOKMARK [2][-]{subsection.26.1}{xVB}{section.26}% 52
\BOOKMARK [1][-]{section.27}{begære}{}% 53
\BOOKMARK [2][-]{subsection.27.1}{xVB}{section.27}% 54
\BOOKMARK [1][-]{section.28}{behalde}{}% 55
\BOOKMARK [2][-]{subsection.28.1}{xVB}{section.28}% 56
\BOOKMARK [1][-]{section.29}{behjalpe}{}% 57
\BOOKMARK [2][-]{subsection.29.1}{xVB}{section.29}% 58
\BOOKMARK [1][-]{section.30}{bekome}{}% 59
\BOOKMARK [2][-]{subsection.30.1}{xVB}{section.30}% 60
\BOOKMARK [1][-]{section.31}{bekænne}{}% 61
\BOOKMARK [2][-]{subsection.31.1}{xVB}{section.31}% 62
\BOOKMARK [1][-]{section.32}{bekære}{}% 63
\BOOKMARK [2][-]{subsection.32.1}{xVB}{section.32}% 64
\BOOKMARK [1][-]{section.33}{beplikte}{}% 65
\BOOKMARK [2][-]{subsection.33.1}{xVB}{section.33}% 66
\BOOKMARK [1][-]{section.34}{berathe}{}% 67
\BOOKMARK [2][-]{subsection.34.1}{xVB}{section.34}% 68
\BOOKMARK [1][-]{section.35}{berethe}{}% 69
\BOOKMARK [2][-]{subsection.35.1}{xVB}{section.35}% 70
\BOOKMARK [1][-]{section.36}{berætte}{}% 71
\BOOKMARK [2][-]{subsection.36.1}{xVB}{section.36}% 72
\BOOKMARK [1][-]{section.37}{besighle}{}% 73
\BOOKMARK [2][-]{subsection.37.1}{xVB}{section.37}% 74
\BOOKMARK [1][-]{section.38}{besitje}{}% 75
\BOOKMARK [2][-]{subsection.38.1}{xVB}{section.38}% 76
\BOOKMARK [1][-]{section.39}{beskærme}{}% 77
\BOOKMARK [2][-]{subsection.39.1}{xVB}{section.39}% 78
\BOOKMARK [1][-]{section.40}{bespyrje}{}% 79
\BOOKMARK [2][-]{subsection.40.1}{xVB}{section.40}% 80
\BOOKMARK [1][-]{section.41}{besta}{}% 81
\BOOKMARK [2][-]{subsection.41.1}{xVB}{section.41}% 82
\BOOKMARK [1][-]{section.42}{besvare}{}% 83
\BOOKMARK [2][-]{subsection.42.1}{xVB}{section.42}% 84
\BOOKMARK [1][-]{section.43}{besvære}{}% 85
\BOOKMARK [2][-]{subsection.43.1}{xVB}{section.43}% 86
\BOOKMARK [1][-]{section.44}{besværje}{}% 87
\BOOKMARK [2][-]{subsection.44.1}{xVB}{section.44}% 88
\BOOKMARK [1][-]{section.45}{besætje}{}% 89
\BOOKMARK [2][-]{subsection.45.1}{xVB}{section.45}% 90
\BOOKMARK [1][-]{section.46}{betale}{}% 91
\BOOKMARK [2][-]{subsection.46.1}{xVB}{section.46}% 92
\BOOKMARK [1][-]{section.47}{betale+skulen}{}% 93
\BOOKMARK [2][-]{subsection.47.1}{xVB}{section.47}% 94
\BOOKMARK [1][-]{section.48}{bete}{}% 95
\BOOKMARK [2][-]{subsection.48.1}{xVB}{section.48}% 96
\BOOKMARK [1][-]{section.49}{bethe}{}% 97
\BOOKMARK [2][-]{subsection.49.1}{xVB}{section.49}% 98
\BOOKMARK [1][-]{section.50}{bevare}{}% 99
\BOOKMARK [2][-]{subsection.50.1}{xVB}{section.50}% 100
\BOOKMARK [1][-]{section.51}{bevise}{}% 101
\BOOKMARK [2][-]{subsection.51.1}{xVB}{section.51}% 102
\BOOKMARK [1][-]{section.52}{binde}{}% 103
\BOOKMARK [2][-]{subsection.52.1}{xVB}{section.52}% 104
\BOOKMARK [1][-]{section.53}{bithje}{}% 105
\BOOKMARK [2][-]{subsection.53.1}{xVB}{section.53}% 106
\BOOKMARK [1][-]{section.54}{bjuthe}{}% 107
\BOOKMARK [2][-]{subsection.54.1}{xVB}{section.54}% 108
\BOOKMARK [1][-]{section.55}{blive}{}% 109
\BOOKMARK [2][-]{subsection.55.1}{xVB}{section.55}% 110
\BOOKMARK [1][-]{section.56}{bo}{}% 111
\BOOKMARK [2][-]{subsection.56.1}{xVB}{section.56}% 112
\BOOKMARK [1][-]{section.57}{bruke}{}% 113
\BOOKMARK [2][-]{subsection.57.1}{xVB}{section.57}% 114
\BOOKMARK [1][-]{section.58}{bygge}{}% 115
\BOOKMARK [2][-]{subsection.58.1}{xVB}{section.58}% 116
\BOOKMARK [1][-]{section.59}{bygje}{}% 117
\BOOKMARK [2][-]{subsection.59.1}{xVB}{section.59}% 118
\BOOKMARK [1][-]{section.60}{byrje}{}% 119
\BOOKMARK [2][-]{subsection.60.1}{xVB}{section.60}% 120
\BOOKMARK [1][-]{section.61}{bære}{}% 121
\BOOKMARK [2][-]{subsection.61.1}{xVB}{section.61}% 122
\BOOKMARK [1][-]{section.62}{bætale}{}% 123
\BOOKMARK [2][-]{subsection.62.1}{xVB}{section.62}% 124
\BOOKMARK [1][-]{section.63}{bætre}{}% 125
\BOOKMARK [2][-]{subsection.63.1}{xVB}{section.63}% 126
\BOOKMARK [1][-]{section.64}{bøte}{}% 127
\BOOKMARK [2][-]{subsection.64.1}{xVB}{section.64}% 128
\BOOKMARK [1][-]{section.65}{dele}{}% 129
\BOOKMARK [2][-]{subsection.65.1}{xVB}{section.65}% 130
\BOOKMARK [1][-]{section.66}{dø}{}% 131
\BOOKMARK [2][-]{subsection.66.1}{xVB}{section.66}% 132
\BOOKMARK [1][-]{section.67}{eghe}{}% 133
\BOOKMARK [2][-]{subsection.67.1}{xVB}{section.67}% 134
\BOOKMARK [1][-]{section.68}{eghe+skule}{}% 135
\BOOKMARK [2][-]{subsection.68.1}{xVB}{section.68}% 136
\BOOKMARK [1][-]{section.69}{eghende}{}% 137
\BOOKMARK [2][-]{subsection.69.1}{xVB}{section.69}% 138
\BOOKMARK [1][-]{section.70}{fa}{}% 139
\BOOKMARK [2][-]{subsection.70.1}{xVB}{section.70}% 140
\BOOKMARK [1][-]{section.71}{falle}{}% 141
\BOOKMARK [2][-]{subsection.71.1}{xVB}{section.71}% 142
\BOOKMARK [1][-]{section.72}{fange}{}% 143
\BOOKMARK [2][-]{subsection.72.1}{xVB}{section.72}% 144
\BOOKMARK [1][-]{section.73}{fare}{}% 145
\BOOKMARK [2][-]{subsection.73.1}{xVB}{section.73}% 146
\BOOKMARK [1][-]{section.74}{finde}{}% 147
\BOOKMARK [2][-]{subsection.74.1}{xVB}{section.74}% 148
\BOOKMARK [1][-]{section.75}{finne}{}% 149
\BOOKMARK [2][-]{subsection.75.1}{xVB}{section.75}% 150
\BOOKMARK [1][-]{section.76}{fly}{}% 151
\BOOKMARK [2][-]{subsection.76.1}{xVB}{section.76}% 152
\BOOKMARK [1][-]{section.77}{for+sæghje}{}% 153
\BOOKMARK [2][-]{subsection.77.1}{xVB}{section.77}% 154
\BOOKMARK [1][-]{section.78}{forarghe}{}% 155
\BOOKMARK [2][-]{subsection.78.1}{xVB}{section.78}% 156
\BOOKMARK [1][-]{section.79}{forbjuthe}{}% 157
\BOOKMARK [2][-]{subsection.79.1}{xVB}{section.79}% 158
\BOOKMARK [1][-]{section.80}{forbætre}{}% 159
\BOOKMARK [2][-]{subsection.80.1}{xVB}{section.80}% 160
\BOOKMARK [1][-]{section.81}{fordaghthinge}{}% 161
\BOOKMARK [2][-]{subsection.81.1}{xVB}{section.81}% 162
\BOOKMARK [1][-]{section.82}{fordærve}{}% 163
\BOOKMARK [2][-]{subsection.82.1}{xVB}{section.82}% 164
\BOOKMARK [1][-]{section.83}{foresæghje}{}% 165
\BOOKMARK [2][-]{subsection.83.1}{xVB}{section.83}% 166
\BOOKMARK [1][-]{section.84}{foresætje}{}% 167
\BOOKMARK [2][-]{subsection.84.1}{xVB}{section.84}% 168
\BOOKMARK [1][-]{section.85}{forfare}{}% 169
\BOOKMARK [2][-]{subsection.85.1}{xVB}{section.85}% 170
\BOOKMARK [1][-]{section.86}{forhalde}{}% 171
\BOOKMARK [2][-]{subsection.86.1}{xVB}{section.86}% 172
\BOOKMARK [1][-]{section.87}{forklare}{}% 173
\BOOKMARK [2][-]{subsection.87.1}{xVB}{section.87}% 174
\BOOKMARK [1][-]{section.88}{forkrænke}{}% 175
\BOOKMARK [2][-]{subsection.88.1}{xVB}{section.88}% 176
\BOOKMARK [1][-]{section.89}{forlate}{}% 177
\BOOKMARK [2][-]{subsection.89.1}{xVB}{section.89}% 178
\BOOKMARK [1][-]{section.90}{forlene}{}% 179
\BOOKMARK [2][-]{subsection.90.1}{xVB}{section.90}% 180
\BOOKMARK [1][-]{section.91}{forlæne}{}% 181
\BOOKMARK [2][-]{subsection.91.1}{xVB}{section.91}% 182
\BOOKMARK [1][-]{section.92}{formene}{}% 183
\BOOKMARK [2][-]{subsection.92.1}{xVB}{section.92}% 184
\BOOKMARK [1][-]{section.93}{fornævnd+høgh+lære}{}% 185
\BOOKMARK [2][-]{subsection.93.1}{xVB}{section.93}% 186
\BOOKMARK [1][-]{section.94}{fornøghje}{}% 187
\BOOKMARK [2][-]{subsection.94.1}{xVB}{section.94}% 188
\BOOKMARK [1][-]{section.95}{forsake}{}% 189
\BOOKMARK [2][-]{subsection.95.1}{xVB}{section.95}% 190
\BOOKMARK [1][-]{section.96}{forse}{}% 191
\BOOKMARK [2][-]{subsection.96.1}{xVB}{section.96}% 192
\BOOKMARK [1][-]{section.97}{forskjute}{}% 193
\BOOKMARK [2][-]{subsection.97.1}{xVB}{section.97}% 194
\BOOKMARK [1][-]{section.98}{forstyrre}{}% 195
\BOOKMARK [2][-]{subsection.98.1}{xVB}{section.98}% 196
\BOOKMARK [1][-]{section.99}{forsvare}{}% 197
\BOOKMARK [2][-]{subsection.99.1}{xVB}{section.99}% 198
\BOOKMARK [1][-]{section.100}{forsæghje}{}% 199
\BOOKMARK [2][-]{subsection.100.1}{xVB}{section.100}% 200
\BOOKMARK [1][-]{section.101}{forthænkje}{}% 201
\BOOKMARK [2][-]{subsection.101.1}{xVB}{section.101}% 202
\BOOKMARK [1][-]{section.102}{forvandle}{}% 203
\BOOKMARK [2][-]{subsection.102.1}{xVB}{section.102}% 204
\BOOKMARK [1][-]{section.103}{framfare}{}% 205
\BOOKMARK [2][-]{subsection.103.1}{xVB}{section.103}% 206
\BOOKMARK [1][-]{section.104}{framgange}{}% 207
\BOOKMARK [2][-]{subsection.104.1}{xVB}{section.104}% 208
\BOOKMARK [1][-]{section.105}{fri}{}% 209
\BOOKMARK [2][-]{subsection.105.1}{xVB}{section.105}% 210
\BOOKMARK [1][-]{section.106}{frome}{}% 211
\BOOKMARK [2][-]{subsection.106.1}{xVB}{section.106}% 212
\BOOKMARK [1][-]{section.107}{frælse}{}% 213
\BOOKMARK [2][-]{subsection.107.1}{xVB}{section.107}% 214
\BOOKMARK [1][-]{section.108}{fulbyrthe}{}% 215
\BOOKMARK [2][-]{subsection.108.1}{xVB}{section.108}% 216
\BOOKMARK [1][-]{section.109}{fuldbyrthe}{}% 217
\BOOKMARK [2][-]{subsection.109.1}{xVB}{section.109}% 218
\BOOKMARK [1][-]{section.110}{fulfylghje}{}% 219
\BOOKMARK [2][-]{subsection.110.1}{xVB}{section.110}% 220
\BOOKMARK [1][-]{section.111}{fulkome}{}% 221
\BOOKMARK [2][-]{subsection.111.1}{xVB}{section.111}% 222
\BOOKMARK [1][-]{section.112}{fylghje}{}% 223
\BOOKMARK [2][-]{subsection.112.1}{xVB}{section.112}% 224
\BOOKMARK [1][-]{section.113}{fæste}{}% 225
\BOOKMARK [2][-]{subsection.113.1}{xVB}{section.113}% 226
\BOOKMARK [1][-]{section.114}{føghe}{}% 227
\BOOKMARK [2][-]{subsection.114.1}{xVB}{section.114}% 228
\BOOKMARK [1][-]{section.115}{føre}{}% 229
\BOOKMARK [2][-]{subsection.115.1}{xVB}{section.115}% 230
\BOOKMARK [1][-]{section.116}{føthe}{}% 231
\BOOKMARK [2][-]{subsection.116.1}{xVB}{section.116}% 232
\BOOKMARK [1][-]{section.117}{ga}{}% 233
\BOOKMARK [2][-]{subsection.117.1}{xVB}{section.117}% 234
\BOOKMARK [1][-]{section.118}{gange}{}% 235
\BOOKMARK [2][-]{subsection.118.1}{xVB}{section.118}% 236
\BOOKMARK [1][-]{section.119}{gen+svare}{}% 237
\BOOKMARK [2][-]{subsection.119.1}{xVB}{section.119}% 238
\BOOKMARK [1][-]{section.120}{gifte}{}% 239
\BOOKMARK [2][-]{subsection.120.1}{xVB}{section.120}% 240
\BOOKMARK [1][-]{section.121}{give}{}% 241
\BOOKMARK [2][-]{subsection.121.1}{xVB}{section.121}% 242
\BOOKMARK [1][-]{section.122}{gjalde}{}% 243
\BOOKMARK [2][-]{subsection.122.1}{xVB}{section.122}% 244
\BOOKMARK [1][-]{section.123}{granske}{}% 245
\BOOKMARK [2][-]{subsection.123.1}{xVB}{section.123}% 246
\BOOKMARK [1][-]{section.124}{gærthe}{}% 247
\BOOKMARK [2][-]{subsection.124.1}{xVB}{section.124}% 248
\BOOKMARK [1][-]{section.125}{gøme}{}% 249
\BOOKMARK [2][-]{subsection.125.1}{xVB}{section.125}% 250
\BOOKMARK [1][-]{section.126}{gøre}{}% 251
\BOOKMARK [2][-]{subsection.126.1}{xVB}{section.126}% 252
\BOOKMARK [1][-]{section.127}{halde}{}% 253
\BOOKMARK [2][-]{subsection.127.1}{xVB}{section.127}% 254
\BOOKMARK [1][-]{section.128}{have}{}% 255
\BOOKMARK [2][-]{subsection.128.1}{xVB}{section.128}% 256
\BOOKMARK [1][-]{section.129}{helse}{}% 257
\BOOKMARK [2][-]{subsection.129.1}{xVB}{section.129}% 258
\BOOKMARK [1][-]{section.130}{hemle}{}% 259
\BOOKMARK [2][-]{subsection.130.1}{xVB}{section.130}% 260
\BOOKMARK [1][-]{section.131}{hete}{}% 261
\BOOKMARK [2][-]{subsection.131.1}{xVB}{section.131}% 262
\BOOKMARK [1][-]{section.132}{hindre}{}% 263
\BOOKMARK [2][-]{subsection.132.1}{xVB}{section.132}% 264
\BOOKMARK [1][-]{section.133}{hjalpe}{}% 265
\BOOKMARK [2][-]{subsection.133.1}{xVB}{section.133}% 266
\BOOKMARK [1][-]{section.134}{hogge}{}% 267
\BOOKMARK [2][-]{subsection.134.1}{xVB}{section.134}% 268
\BOOKMARK [1][-]{section.135}{holde}{}% 269
\BOOKMARK [2][-]{subsection.135.1}{xVB}{section.135}% 270
\BOOKMARK [1][-]{section.136}{hugge}{}% 271
\BOOKMARK [2][-]{subsection.136.1}{xVB}{section.136}% 272
\BOOKMARK [1][-]{section.137}{hæghne}{}% 273
\BOOKMARK [2][-]{subsection.137.1}{xVB}{section.137}% 274
\BOOKMARK [1][-]{section.138}{hæmle}{}% 275
\BOOKMARK [2][-]{subsection.138.1}{xVB}{section.138}% 276
\BOOKMARK [1][-]{section.139}{hænde}{}% 277
\BOOKMARK [2][-]{subsection.139.1}{xVB}{section.139}% 278
\BOOKMARK [1][-]{section.140}{hængje}{}% 279
\BOOKMARK [2][-]{subsection.140.1}{xVB}{section.140}% 280
\BOOKMARK [1][-]{section.141}{høgh+lære}{}% 281
\BOOKMARK [2][-]{subsection.141.1}{xVB}{section.141}% 282
\BOOKMARK [1][-]{section.142}{høre}{}% 283
\BOOKMARK [2][-]{subsection.142.1}{xVB}{section.142}% 284
\BOOKMARK [1][-]{section.143}{ille}{}% 285
\BOOKMARK [2][-]{subsection.143.1}{xVB}{section.143}% 286
\BOOKMARK [1][-]{section.144}{ingive}{}% 287
\BOOKMARK [2][-]{subsection.144.1}{xVB}{section.144}% 288
\BOOKMARK [1][-]{section.145}{inhalde}{}% 289
\BOOKMARK [2][-]{subsection.145.1}{xVB}{section.145}% 290
\BOOKMARK [1][-]{section.146}{inhæghne}{}% 291
\BOOKMARK [2][-]{subsection.146.1}{xVB}{section.146}% 292
\BOOKMARK [1][-]{section.147}{inkome}{}% 293
\BOOKMARK [2][-]{subsection.147.1}{xVB}{section.147}% 294
\BOOKMARK [1][-]{section.148}{innehalde}{}% 295
\BOOKMARK [2][-]{subsection.148.1}{xVB}{section.148}% 296
\BOOKMARK [1][-]{section.149}{inskikke}{}% 297
\BOOKMARK [2][-]{subsection.149.1}{xVB}{section.149}% 298
\BOOKMARK [1][-]{section.150}{intake}{}% 299
\BOOKMARK [2][-]{subsection.150.1}{xVB}{section.150}% 300
\BOOKMARK [1][-]{section.151}{jatte}{}% 301
\BOOKMARK [2][-]{subsection.151.1}{xVB}{section.151}% 302
\BOOKMARK [1][-]{section.152}{kalle}{}% 303
\BOOKMARK [2][-]{subsection.152.1}{xVB}{section.152}% 304
\BOOKMARK [1][-]{section.153}{kere}{}% 305
\BOOKMARK [2][-]{subsection.153.1}{xVB}{section.153}% 306
\BOOKMARK [1][-]{section.154}{klæmpte}{}% 307
\BOOKMARK [2][-]{subsection.154.1}{xVB}{section.154}% 308
\BOOKMARK [1][-]{section.155}{kome}{}% 309
\BOOKMARK [2][-]{subsection.155.1}{xVB}{section.155}% 310
\BOOKMARK [1][-]{section.156}{kome+skule}{}% 311
\BOOKMARK [2][-]{subsection.156.1}{xVB}{section.156}% 312
\BOOKMARK [1][-]{section.157}{komes+kule}{}% 313
\BOOKMARK [2][-]{subsection.157.1}{xVB}{section.157}% 314
\BOOKMARK [1][-]{section.158}{korte}{}% 315
\BOOKMARK [2][-]{subsection.158.1}{xVB}{section.158}% 316
\BOOKMARK [1][-]{section.159}{krævje}{}% 317
\BOOKMARK [2][-]{subsection.159.1}{xVB}{section.159}% 318
\BOOKMARK [1][-]{section.160}{kungøre}{}% 319
\BOOKMARK [2][-]{subsection.160.1}{xVB}{section.160}% 320
\BOOKMARK [1][-]{section.161}{kunne}{}% 321
\BOOKMARK [2][-]{subsection.161.1}{xVB}{section.161}% 322
\BOOKMARK [1][-]{section.162}{kæjse}{}% 323
\BOOKMARK [2][-]{subsection.162.1}{xVB}{section.162}% 324
\BOOKMARK [1][-]{section.163}{kænne}{}% 325
\BOOKMARK [2][-]{subsection.163.1}{xVB}{section.163}% 326
\BOOKMARK [1][-]{section.164}{kære}{}% 327
\BOOKMARK [2][-]{subsection.164.1}{xVB}{section.164}% 328
\BOOKMARK [1][-]{section.165}{købe}{}% 329
\BOOKMARK [2][-]{subsection.165.1}{xVB}{section.165}% 330
\BOOKMARK [1][-]{section.166}{køpe}{}% 331
\BOOKMARK [2][-]{subsection.166.1}{xVB}{section.166}% 332
\BOOKMARK [1][-]{section.167}{late}{}% 333
\BOOKMARK [2][-]{subsection.167.1}{xVB}{section.167}% 334
\BOOKMARK [1][-]{section.168}{leghe}{}% 335
\BOOKMARK [2][-]{subsection.168.1}{xVB}{section.168}% 336
\BOOKMARK [1][-]{section.169}{leve}{}% 337
\BOOKMARK [2][-]{subsection.169.1}{xVB}{section.169}% 338
\BOOKMARK [1][-]{section.170}{ligje}{}% 339
\BOOKMARK [2][-]{subsection.170.1}{xVB}{section.170}% 340
\BOOKMARK [1][-]{section.171}{lise}{}% 341
\BOOKMARK [2][-]{subsection.171.1}{xVB}{section.171}% 342
\BOOKMARK [1][-]{section.172}{live}{}% 343
\BOOKMARK [2][-]{subsection.172.1}{xVB}{section.172}% 344
\BOOKMARK [1][-]{section.173}{lotne}{}% 345
\BOOKMARK [2][-]{subsection.173.1}{xVB}{section.173}% 346
\BOOKMARK [1][-]{section.174}{love}{}% 347
\BOOKMARK [2][-]{subsection.174.1}{xVB}{section.174}% 348
\BOOKMARK [1][-]{section.175}{lykje}{}% 349
\BOOKMARK [2][-]{subsection.175.1}{xVB}{section.175}% 350
\BOOKMARK [1][-]{section.176}{lyste}{}% 351
\BOOKMARK [2][-]{subsection.176.1}{xVB}{section.176}% 352
\BOOKMARK [1][-]{section.177}{lythe}{}% 353
\BOOKMARK [2][-]{subsection.177.1}{xVB}{section.177}% 354
\BOOKMARK [1][-]{section.178}{lægje}{}% 355
\BOOKMARK [2][-]{subsection.178.1}{xVB}{section.178}% 356
\BOOKMARK [1][-]{section.179}{lære}{}% 357
\BOOKMARK [2][-]{subsection.179.1}{xVB}{section.179}% 358
\BOOKMARK [1][-]{section.180}{læse}{}% 359
\BOOKMARK [2][-]{subsection.180.1}{xVB}{section.180}% 360
\BOOKMARK [1][-]{section.181}{løpe}{}% 361
\BOOKMARK [2][-]{subsection.181.1}{xVB}{section.181}% 362
\BOOKMARK [1][-]{section.182}{løse}{}% 363
\BOOKMARK [2][-]{subsection.182.1}{xVB}{section.182}% 364
\BOOKMARK [1][-]{section.183}{male}{}% 365
\BOOKMARK [2][-]{subsection.183.1}{xVB}{section.183}% 366
\BOOKMARK [1][-]{section.184}{mange}{}% 367
\BOOKMARK [2][-]{subsection.184.1}{xVB}{section.184}% 368
\BOOKMARK [1][-]{section.185}{minde}{}% 369
\BOOKMARK [2][-]{subsection.185.1}{xVB}{section.185}% 370
\BOOKMARK [1][-]{section.186}{minne}{}% 371
\BOOKMARK [2][-]{subsection.186.1}{xVB}{section.186}% 372
\BOOKMARK [1][-]{section.187}{minske}{}% 373
\BOOKMARK [2][-]{subsection.187.1}{xVB}{section.187}% 374
\BOOKMARK [1][-]{section.188}{mughe}{}% 375
\BOOKMARK [2][-]{subsection.188.1}{xVB}{section.188}% 376
\BOOKMARK [1][-]{section.189}{mæle}{}% 377
\BOOKMARK [2][-]{subsection.189.1}{xVB}{section.189}% 378
\BOOKMARK [1][-]{section.190}{møte}{}% 379
\BOOKMARK [2][-]{subsection.190.1}{xVB}{section.190}% 380
\BOOKMARK [1][-]{section.191}{nathe}{}% 381
\BOOKMARK [2][-]{subsection.191.1}{xVB}{section.191}% 382
\BOOKMARK [1][-]{section.192}{nyte}{}% 383
\BOOKMARK [2][-]{subsection.192.1}{xVB}{section.192}% 384
\BOOKMARK [1][-]{section.193}{nytje}{}% 385
\BOOKMARK [2][-]{subsection.193.1}{xVB}{section.193}% 386
\BOOKMARK [1][-]{section.194}{næther+lægje}{}% 387
\BOOKMARK [2][-]{subsection.194.1}{xVB}{section.194}% 388
\BOOKMARK [1][-]{section.195}{nævne}{}% 389
\BOOKMARK [2][-]{subsection.195.1}{xVB}{section.195}% 390
\BOOKMARK [1][-]{section.196}{nøghje}{}% 391
\BOOKMARK [2][-]{subsection.196.1}{xVB}{section.196}% 392
\BOOKMARK [1][-]{section.197}{ok}{}% 393
\BOOKMARK [2][-]{subsection.197.1}{xVB}{section.197}% 394
\BOOKMARK [1][-]{section.198}{oprækje}{}% 395
\BOOKMARK [2][-]{subsection.198.1}{xVB}{section.198}% 396
\BOOKMARK [1][-]{section.199}{ordele}{}% 397
\BOOKMARK [2][-]{subsection.199.1}{xVB}{section.199}% 398
\BOOKMARK [1][-]{section.200}{pakome}{}% 399
\BOOKMARK [2][-]{subsection.200.1}{xVB}{section.200}% 400
\BOOKMARK [1][-]{section.201}{palægje}{}% 401
\BOOKMARK [2][-]{subsection.201.1}{xVB}{section.201}% 402
\BOOKMARK [1][-]{section.202}{pante}{}% 403
\BOOKMARK [2][-]{subsection.202.1}{xVB}{section.202}% 404
\BOOKMARK [1][-]{section.203}{pantsætje}{}% 405
\BOOKMARK [2][-]{subsection.203.1}{xVB}{section.203}% 406
\BOOKMARK [1][-]{section.204}{pasætje}{}% 407
\BOOKMARK [2][-]{subsection.204.1}{xVB}{section.204}% 408
\BOOKMARK [1][-]{section.205}{platse}{}% 409
\BOOKMARK [2][-]{subsection.205.1}{xVB}{section.205}% 410
\BOOKMARK [1][-]{section.206}{plæghe}{}% 411
\BOOKMARK [2][-]{subsection.206.1}{xVB}{section.206}% 412
\BOOKMARK [1][-]{section.207}{pløghje}{}% 413
\BOOKMARK [2][-]{subsection.207.1}{xVB}{section.207}% 414
\BOOKMARK [1][-]{section.208}{rekne}{}% 415
\BOOKMARK [2][-]{subsection.208.1}{xVB}{section.208}% 416
\BOOKMARK [1][-]{section.209}{renlive}{}% 417
\BOOKMARK [2][-]{subsection.209.1}{xVB}{section.209}% 418
\BOOKMARK [1][-]{section.210}{repe}{}% 419
\BOOKMARK [2][-]{subsection.210.1}{xVB}{section.210}% 420
\BOOKMARK [1][-]{section.211}{rese}{}% 421
\BOOKMARK [2][-]{subsection.211.1}{xVB}{section.211}% 422
\BOOKMARK [1][-]{section.212}{resignere}{}% 423
\BOOKMARK [2][-]{subsection.212.1}{xVB}{section.212}% 424
\BOOKMARK [1][-]{section.213}{ringje}{}% 425
\BOOKMARK [2][-]{subsection.213.1}{xVB}{section.213}% 426
\BOOKMARK [1][-]{section.214}{rækje}{}% 427
\BOOKMARK [2][-]{subsection.214.1}{xVB}{section.214}% 428
\BOOKMARK [1][-]{section.215}{rænte}{}% 429
\BOOKMARK [2][-]{subsection.215.1}{xVB}{section.215}% 430
\BOOKMARK [1][-]{section.216}{rætte}{}% 431
\BOOKMARK [2][-]{subsection.216.1}{xVB}{section.216}% 432
\BOOKMARK [1][-]{section.217}{rættighhet}{}% 433
\BOOKMARK [2][-]{subsection.217.1}{xVB}{section.217}% 434
\BOOKMARK [1][-]{section.218}{røre}{}% 435
\BOOKMARK [2][-]{subsection.218.1}{xVB}{section.218}% 436
\BOOKMARK [1][-]{section.219}{sa}{}% 437
\BOOKMARK [2][-]{subsection.219.1}{xVB}{section.219}% 438
\BOOKMARK [1][-]{section.220}{sake}{}% 439
\BOOKMARK [2][-]{subsection.220.1}{xVB}{section.220}% 440
\BOOKMARK [1][-]{section.221}{samthykje}{}% 441
\BOOKMARK [2][-]{subsection.221.1}{xVB}{section.221}% 442
\BOOKMARK [1][-]{section.222}{savne}{}% 443
\BOOKMARK [2][-]{subsection.222.1}{xVB}{section.222}% 444
\BOOKMARK [1][-]{section.223}{schaffe}{}% 445
\BOOKMARK [2][-]{subsection.223.1}{xVB}{section.223}% 446
\BOOKMARK [1][-]{section.224}{se}{}% 447
\BOOKMARK [2][-]{subsection.224.1}{xVB}{section.224}% 448
\BOOKMARK [1][-]{section.225}{sitje}{}% 449
\BOOKMARK [2][-]{subsection.225.1}{xVB}{section.225}% 450
\BOOKMARK [1][-]{section.226}{sjune}{}% 451
\BOOKMARK [2][-]{subsection.226.1}{xVB}{section.226}% 452
\BOOKMARK [1][-]{section.227}{sjunge}{}% 453
\BOOKMARK [2][-]{subsection.227.1}{xVB}{section.227}% 454
\BOOKMARK [1][-]{section.228}{skal}{}% 455
\BOOKMARK [2][-]{subsection.228.1}{xVB}{section.228}% 456
\BOOKMARK [1][-]{section.229}{ske}{}% 457
\BOOKMARK [2][-]{subsection.229.1}{xVB}{section.229}% 458
\BOOKMARK [1][-]{section.230}{skethe}{}% 459
\BOOKMARK [2][-]{subsection.230.1}{xVB}{section.230}% 460
\BOOKMARK [1][-]{section.231}{skifte}{}% 461
\BOOKMARK [2][-]{subsection.231.1}{xVB}{section.231}% 462
\BOOKMARK [1][-]{section.232}{skikke}{}% 463
\BOOKMARK [2][-]{subsection.232.1}{xVB}{section.232}% 464
\BOOKMARK [1][-]{section.233}{skilje}{}% 465
\BOOKMARK [2][-]{subsection.233.1}{xVB}{section.233}% 466
\BOOKMARK [1][-]{section.234}{skothe}{}% 467
\BOOKMARK [2][-]{subsection.234.1}{xVB}{section.234}% 468
\BOOKMARK [1][-]{section.235}{skrive}{}% 469
\BOOKMARK [2][-]{subsection.235.1}{xVB}{section.235}% 470
\BOOKMARK [1][-]{section.236}{skule}{}% 471
\BOOKMARK [2][-]{subsection.236.1}{xVB}{section.236}% 472
\BOOKMARK [1][-]{section.237}{skylde}{}% 473
\BOOKMARK [2][-]{subsection.237.1}{xVB}{section.237}% 474
\BOOKMARK [1][-]{section.238}{skøte}{}% 475
\BOOKMARK [2][-]{subsection.238.1}{xVB}{section.238}% 476
\BOOKMARK [1][-]{section.239}{sla}{}% 477
\BOOKMARK [2][-]{subsection.239.1}{xVB}{section.239}% 478
\BOOKMARK [1][-]{section.240}{spyrje}{}% 479
\BOOKMARK [2][-]{subsection.240.1}{xVB}{section.240}% 480
\BOOKMARK [1][-]{section.241}{sta}{}% 481
\BOOKMARK [2][-]{subsection.241.1}{xVB}{section.241}% 482
\BOOKMARK [1][-]{section.242}{stathfæste}{}% 483
\BOOKMARK [2][-]{subsection.242.1}{xVB}{section.242}% 484
\BOOKMARK [1][-]{section.243}{stifte}{}% 485
\BOOKMARK [2][-]{subsection.243.1}{xVB}{section.243}% 486
\BOOKMARK [1][-]{section.244}{stunde}{}% 487
\BOOKMARK [2][-]{subsection.244.1}{xVB}{section.244}% 488
\BOOKMARK [1][-]{section.245}{styrkje}{}% 489
\BOOKMARK [2][-]{subsection.245.1}{xVB}{section.245}% 490
\BOOKMARK [1][-]{section.246}{stæthje}{}% 491
\BOOKMARK [2][-]{subsection.246.1}{xVB}{section.246}% 492
\BOOKMARK [1][-]{section.247}{stævne}{}% 493
\BOOKMARK [2][-]{subsection.247.1}{xVB}{section.247}% 494
\BOOKMARK [1][-]{section.248}{svar}{}% 495
\BOOKMARK [2][-]{subsection.248.1}{xVB}{section.248}% 496
\BOOKMARK [1][-]{section.249}{svare}{}% 497
\BOOKMARK [2][-]{subsection.249.1}{xVB}{section.249}% 498
\BOOKMARK [1][-]{section.250}{svike}{}% 499
\BOOKMARK [2][-]{subsection.250.1}{xVB}{section.250}% 500
\BOOKMARK [1][-]{section.251}{sværje}{}% 501
\BOOKMARK [2][-]{subsection.251.1}{xVB}{section.251}% 502
\BOOKMARK [1][-]{section.252}{sæghje}{}% 503
\BOOKMARK [2][-]{subsection.252.1}{xVB}{section.252}% 504
\BOOKMARK [1][-]{section.253}{sælje}{}% 505
\BOOKMARK [2][-]{subsection.253.1}{xVB}{section.253}% 506
\BOOKMARK [1][-]{section.254}{sænde}{}% 507
\BOOKMARK [2][-]{subsection.254.1}{xVB}{section.254}% 508
\BOOKMARK [1][-]{section.255}{sætje}{}% 509
\BOOKMARK [2][-]{subsection.255.1}{xVB}{section.255}% 510
\BOOKMARK [1][-]{section.256}{søkje}{}% 511
\BOOKMARK [2][-]{subsection.256.1}{xVB}{section.256}% 512
\BOOKMARK [1][-]{section.257}{take}{}% 513
\BOOKMARK [2][-]{subsection.257.1}{xVB}{section.257}% 514
\BOOKMARK [1][-]{section.258}{tale}{}% 515
\BOOKMARK [2][-]{subsection.258.1}{xVB}{section.258}% 516
\BOOKMARK [1][-]{section.259}{thakke}{}% 517
\BOOKMARK [2][-]{subsection.259.1}{xVB}{section.259}% 518
\BOOKMARK [1][-]{section.260}{thinge}{}% 519
\BOOKMARK [2][-]{subsection.260.1}{xVB}{section.260}% 520
\BOOKMARK [1][-]{section.261}{thjane}{}% 521
\BOOKMARK [2][-]{subsection.261.1}{xVB}{section.261}% 522
\BOOKMARK [1][-]{section.262}{thrykje}{}% 523
\BOOKMARK [2][-]{subsection.262.1}{xVB}{section.262}% 524
\BOOKMARK [1][-]{section.263}{thrængje}{}% 525
\BOOKMARK [2][-]{subsection.263.1}{xVB}{section.263}% 526
\BOOKMARK [1][-]{section.264}{til+brænne}{}% 527
\BOOKMARK [2][-]{subsection.264.1}{xVB}{section.264}% 528
\BOOKMARK [1][-]{section.265}{til+forlate}{}% 529
\BOOKMARK [2][-]{subsection.265.1}{xVB}{section.265}% 530
\BOOKMARK [1][-]{section.266}{tilbinde}{}% 531
\BOOKMARK [2][-]{subsection.266.1}{xVB}{section.266}% 532
\BOOKMARK [1][-]{section.267}{tilbinne}{}% 533
\BOOKMARK [2][-]{subsection.267.1}{xVB}{section.267}% 534
\BOOKMARK [1][-]{section.268}{tilbithje}{}% 535
\BOOKMARK [2][-]{subsection.268.1}{xVB}{section.268}% 536
\BOOKMARK [1][-]{section.269}{tildøme}{}% 537
\BOOKMARK [2][-]{subsection.269.1}{xVB}{section.269}% 538
\BOOKMARK [1][-]{section.270}{tilfalle}{}% 539
\BOOKMARK [2][-]{subsection.270.1}{xVB}{section.270}% 540
\BOOKMARK [1][-]{section.271}{tilfinne}{}% 541
\BOOKMARK [2][-]{subsection.271.1}{xVB}{section.271}% 542
\BOOKMARK [1][-]{section.272}{tilhøre}{}% 543
\BOOKMARK [2][-]{subsection.272.1}{xVB}{section.272}% 544
\BOOKMARK [1][-]{section.273}{tilkome}{}% 545
\BOOKMARK [2][-]{subsection.273.1}{xVB}{section.273}% 546
\BOOKMARK [1][-]{section.274}{tillate}{}% 547
\BOOKMARK [2][-]{subsection.274.1}{xVB}{section.274}% 548
\BOOKMARK [1][-]{section.275}{tilligje}{}% 549
\BOOKMARK [2][-]{subsection.275.1}{xVB}{section.275}% 550
\BOOKMARK [1][-]{section.276}{tillægje}{}% 551
\BOOKMARK [2][-]{subsection.276.1}{xVB}{section.276}% 552
\BOOKMARK [1][-]{section.277}{tilmæle}{}% 553
\BOOKMARK [2][-]{subsection.277.1}{xVB}{section.277}% 554
\BOOKMARK [1][-]{section.278}{tilplikte}{}% 555
\BOOKMARK [2][-]{subsection.278.1}{xVB}{section.278}% 556
\BOOKMARK [1][-]{section.279}{tilrækje}{}% 557
\BOOKMARK [2][-]{subsection.279.1}{xVB}{section.279}% 558
\BOOKMARK [1][-]{section.280}{tilskikke}{}% 559
\BOOKMARK [2][-]{subsection.280.1}{xVB}{section.280}% 560
\BOOKMARK [1][-]{section.281}{tilsta}{}% 561
\BOOKMARK [2][-]{subsection.281.1}{xVB}{section.281}% 562
\BOOKMARK [1][-]{section.282}{tilsæghje}{}% 563
\BOOKMARK [2][-]{subsection.282.1}{xVB}{section.282}% 564
\BOOKMARK [1][-]{section.283}{tiltake}{}% 565
\BOOKMARK [2][-]{subsection.283.1}{xVB}{section.283}% 566
\BOOKMARK [1][-]{section.284}{tiltale}{}% 567
\BOOKMARK [2][-]{subsection.284.1}{xVB}{section.284}% 568
\BOOKMARK [1][-]{section.285}{tro}{}% 569
\BOOKMARK [2][-]{subsection.285.1}{xVB}{section.285}% 570
\BOOKMARK [1][-]{section.286}{tukte}{}% 571
\BOOKMARK [2][-]{subsection.286.1}{xVB}{section.286}% 572
\BOOKMARK [1][-]{section.287}{uforrætte}{}% 573
\BOOKMARK [2][-]{subsection.287.1}{xVB}{section.287}% 574
\BOOKMARK [1][-]{section.288}{umake}{}% 575
\BOOKMARK [2][-]{subsection.288.1}{xVB}{section.288}% 576
\BOOKMARK [1][-]{section.289}{underskrive}{}% 577
\BOOKMARK [2][-]{subsection.289.1}{xVB}{section.289}% 578
\BOOKMARK [1][-]{section.290}{underthrykje}{}% 579
\BOOKMARK [2][-]{subsection.290.1}{xVB}{section.290}% 580
\BOOKMARK [1][-]{section.291}{undfa}{}% 581
\BOOKMARK [2][-]{subsection.291.1}{xVB}{section.291}% 582
\BOOKMARK [1][-]{section.292}{unne}{}% 583
\BOOKMARK [2][-]{subsection.292.1}{xVB}{section.292}% 584
\BOOKMARK [1][-]{section.293}{upbygje}{}% 585
\BOOKMARK [2][-]{subsection.293.1}{xVB}{section.293}% 586
\BOOKMARK [1][-]{section.294}{upbære}{}% 587
\BOOKMARK [2][-]{subsection.294.1}{xVB}{section.294}% 588
\BOOKMARK [1][-]{section.295}{uphalde}{}% 589
\BOOKMARK [2][-]{subsection.295.1}{xVB}{section.295}% 590
\BOOKMARK [1][-]{section.296}{uplate}{}% 591
\BOOKMARK [2][-]{subsection.296.1}{xVB}{section.296}% 592
\BOOKMARK [1][-]{section.297}{upløse}{}% 593
\BOOKMARK [2][-]{subsection.297.1}{xVB}{section.297}% 594
\BOOKMARK [1][-]{section.298}{uprækje}{}% 595
\BOOKMARK [2][-]{subsection.298.1}{xVB}{section.298}% 596
\BOOKMARK [1][-]{section.299}{uprætte}{}% 597
\BOOKMARK [2][-]{subsection.299.1}{xVB}{section.299}% 598
\BOOKMARK [1][-]{section.300}{upsta}{}% 599
\BOOKMARK [2][-]{subsection.300.1}{xVB}{section.300}% 600
\BOOKMARK [1][-]{section.301}{utgange}{}% 601
\BOOKMARK [2][-]{subsection.301.1}{xVB}{section.301}% 602
\BOOKMARK [1][-]{section.302}{utgive}{}% 603
\BOOKMARK [2][-]{subsection.302.1}{xVB}{section.302}% 604
\BOOKMARK [1][-]{section.303}{utgøre}{}% 605
\BOOKMARK [2][-]{subsection.303.1}{xVB}{section.303}% 606
\BOOKMARK [1][-]{section.304}{utlægje}{}% 607
\BOOKMARK [2][-]{subsection.304.1}{xVB}{section.304}% 608
\BOOKMARK [1][-]{section.305}{utspyrje}{}% 609
\BOOKMARK [2][-]{subsection.305.1}{xVB}{section.305}% 610
\BOOKMARK [1][-]{section.306}{utstrækje}{}% 611
\BOOKMARK [2][-]{subsection.306.1}{xVB}{section.306}% 612
\BOOKMARK [1][-]{section.307}{utvise}{}% 613
\BOOKMARK [2][-]{subsection.307.1}{xVB}{section.307}% 614
\BOOKMARK [1][-]{section.308}{utvælje}{}% 615
\BOOKMARK [2][-]{subsection.308.1}{xVB}{section.308}% 616
\BOOKMARK [1][-]{section.309}{vanske}{}% 617
\BOOKMARK [2][-]{subsection.309.1}{xVB}{section.309}% 618
\BOOKMARK [1][-]{section.310}{var}{}% 619
\BOOKMARK [2][-]{subsection.310.1}{xVB}{section.310}% 620
\BOOKMARK [1][-]{section.311}{varthe}{}% 621
\BOOKMARK [2][-]{subsection.311.1}{xVB}{section.311}% 622
\BOOKMARK [1][-]{section.312}{vighje}{}% 623
\BOOKMARK [2][-]{subsection.312.1}{xVB}{section.312}% 624
\BOOKMARK [1][-]{section.313}{vilje}{}% 625
\BOOKMARK [2][-]{subsection.313.1}{xVB}{section.313}% 626
\BOOKMARK [1][-]{section.314}{vinne}{}% 627
\BOOKMARK [2][-]{subsection.314.1}{xVB}{section.314}% 628
\BOOKMARK [1][-]{section.315}{visse}{}% 629
\BOOKMARK [2][-]{subsection.315.1}{xVB}{section.315}% 630
\BOOKMARK [1][-]{section.316}{vite}{}% 631
\BOOKMARK [2][-]{subsection.316.1}{xVB}{section.316}% 632
\BOOKMARK [1][-]{section.317}{vitherkænne}{}% 633
\BOOKMARK [2][-]{subsection.317.1}{xVB}{section.317}% 634
\BOOKMARK [1][-]{section.318}{vitherlægje}{}% 635
\BOOKMARK [2][-]{subsection.318.1}{xVB}{section.318}% 636
\BOOKMARK [1][-]{section.319}{vitne}{}% 637
\BOOKMARK [2][-]{subsection.319.1}{xVB}{section.319}% 638
\BOOKMARK [1][-]{section.320}{vnne}{}% 639
\BOOKMARK [2][-]{subsection.320.1}{xVB}{section.320}% 640
\BOOKMARK [1][-]{section.321}{væl+betale}{}% 641
\BOOKMARK [2][-]{subsection.321.1}{xVB}{section.321}% 642
\BOOKMARK [1][-]{section.322}{vælberathe}{}% 643
\BOOKMARK [2][-]{subsection.322.1}{xVB}{section.322}% 644
\BOOKMARK [1][-]{section.323}{vælje}{}% 645
\BOOKMARK [2][-]{subsection.323.1}{xVB}{section.323}% 646
\BOOKMARK [1][-]{section.324}{vænde}{}% 647
\BOOKMARK [2][-]{subsection.324.1}{xVB}{section.324}% 648
\BOOKMARK [1][-]{section.325}{vængje}{}% 649
\BOOKMARK [2][-]{subsection.325.1}{xVB}{section.325}% 650
\BOOKMARK [1][-]{section.326}{være}{}% 651
\BOOKMARK [2][-]{subsection.326.1}{xVB}{section.326}% 652
\BOOKMARK [1][-]{section.327}{værthe}{}% 653
\BOOKMARK [2][-]{subsection.327.1}{xVB}{section.327}% 654
\BOOKMARK [1][-]{section.328}{yte}{}% 655
\BOOKMARK [2][-]{subsection.328.1}{xVB}{section.328}% 656
\BOOKMARK [1][-]{section.329}{yverlive}{}% 657
\BOOKMARK [2][-]{subsection.329.1}{xVB}{section.329}% 658
\BOOKMARK [1][-]{section.330}{yvervæghe}{}% 659
\BOOKMARK [2][-]{subsection.330.1}{xVB}{section.330}% 660
\BOOKMARK [1][-]{section.331}{yvervære}{}% 661
\BOOKMARK [2][-]{subsection.331.1}{xVB}{section.331}% 662
\BOOKMARK [1][-]{section.332}{æfterkome}{}% 663
\BOOKMARK [2][-]{subsection.332.1}{xVB}{section.332}% 664
\BOOKMARK [1][-]{section.333}{æfterskrive}{}% 665
\BOOKMARK [2][-]{subsection.333.1}{xVB}{section.333}% 666
\BOOKMARK [1][-]{section.334}{ælske}{}% 667
\BOOKMARK [2][-]{subsection.334.1}{xVB}{section.334}% 668
\BOOKMARK [1][-]{section.335}{ænde}{}% 669
\BOOKMARK [2][-]{subsection.335.1}{xVB}{section.335}% 670
\BOOKMARK [1][-]{section.336}{ærlik}{}% 671
\BOOKMARK [2][-]{subsection.336.1}{xVB}{section.336}% 672
\BOOKMARK [1][-]{section.337}{ærve}{}% 673
\BOOKMARK [2][-]{subsection.337.1}{xVB}{section.337}% 674
\BOOKMARK [1][-]{section.338}{æske}{}% 675
\BOOKMARK [2][-]{subsection.338.1}{xVB}{section.338}% 676
\BOOKMARK [1][-]{section.339}{øghje}{}% 677
\BOOKMARK [2][-]{subsection.339.1}{xVB}{section.339}% 678
\BOOKMARK [1][-]{section.340}{økje}{}% 679
\BOOKMARK [2][-]{subsection.340.1}{xVB}{section.340}% 680
