\BOOKMARK [1][-]{section.1}{??}{}% 1
\BOOKMARK [2][-]{subsection.1.1}{xNC}{section.1}% 2
\BOOKMARK [1][-]{section.2}{aar}{}% 3
\BOOKMARK [2][-]{subsection.2.1}{xNC}{section.2}% 4
\BOOKMARK [1][-]{section.3}{abbetisse}{}% 5
\BOOKMARK [2][-]{subsection.3.1}{xNC}{section.3}% 6
\BOOKMARK [1][-]{section.4}{af+grøthe}{}% 7
\BOOKMARK [2][-]{subsection.4.1}{xNC}{section.4}% 8
\BOOKMARK [1][-]{section.5}{af+vapn}{}% 9
\BOOKMARK [2][-]{subsection.5.1}{xNC}{section.5}% 10
\BOOKMARK [1][-]{section.6}{afgift}{}% 11
\BOOKMARK [2][-]{subsection.6.1}{xNC}{section.6}% 12
\BOOKMARK [1][-]{section.7}{afkalling}{}% 13
\BOOKMARK [2][-]{subsection.7.1}{xNC}{section.7}% 14
\BOOKMARK [1][-]{section.8}{aflat}{}% 15
\BOOKMARK [2][-]{subsection.8.1}{xNC}{section.8}% 16
\BOOKMARK [1][-]{section.9}{aften}{}% 17
\BOOKMARK [2][-]{subsection.9.1}{xNC}{section.9}% 18
\BOOKMARK [1][-]{section.10}{aftensang}{}% 19
\BOOKMARK [2][-]{subsection.10.1}{xNC}{section.10}% 20
\BOOKMARK [1][-]{section.11}{aker}{}% 21
\BOOKMARK [2][-]{subsection.11.1}{xNC}{section.11}% 22
\BOOKMARK [1][-]{section.12}{akt}{}% 23
\BOOKMARK [2][-]{subsection.12.1}{xNC}{section.12}% 24
\BOOKMARK [1][-]{section.13}{alden}{}% 25
\BOOKMARK [2][-]{subsection.13.1}{xNC}{section.13}% 26
\BOOKMARK [1][-]{section.14}{aldengjald}{}% 27
\BOOKMARK [2][-]{subsection.14.1}{xNC}{section.14}% 28
\BOOKMARK [1][-]{section.15}{alderdom}{}% 29
\BOOKMARK [2][-]{subsection.15.1}{xNC}{section.15}% 30
\BOOKMARK [1][-]{section.16}{alen}{}% 31
\BOOKMARK [2][-]{subsection.16.1}{xNC}{section.16}% 32
\BOOKMARK [1][-]{section.17}{almughe}{}% 33
\BOOKMARK [2][-]{subsection.17.1}{xNC}{section.17}% 34
\BOOKMARK [1][-]{section.18}{almuse}{}% 35
\BOOKMARK [2][-]{subsection.18.1}{xNC}{section.18}% 36
\BOOKMARK [1][-]{section.19}{almænning}{}% 37
\BOOKMARK [2][-]{subsection.19.1}{xNC}{section.19}% 38
\BOOKMARK [1][-]{section.20}{altere}{}% 39
\BOOKMARK [2][-]{subsection.20.1}{xNC}{section.20}% 40
\BOOKMARK [1][-]{section.21}{altereklæthe}{}% 41
\BOOKMARK [2][-]{subsection.21.1}{xNC}{section.21}% 42
\BOOKMARK [1][-]{section.22}{aminnelse}{}% 43
\BOOKMARK [2][-]{subsection.22.1}{xNC}{section.22}% 44
\BOOKMARK [1][-]{section.23}{anner+stath}{}% 45
\BOOKMARK [2][-]{subsection.23.1}{xNC}{section.23}% 46
\BOOKMARK [1][-]{section.24}{anniversarium}{}% 47
\BOOKMARK [2][-]{subsection.24.1}{xNC}{section.24}% 48
\BOOKMARK [1][-]{section.25}{anpart}{}% 49
\BOOKMARK [2][-]{subsection.25.1}{xNC}{section.25}% 50
\BOOKMARK [1][-]{section.26}{apeld}{}% 51
\BOOKMARK [2][-]{subsection.26.1}{xNC}{section.26}% 52
\BOOKMARK [1][-]{section.27}{apeld+haghe}{}% 53
\BOOKMARK [2][-]{subsection.27.1}{xNC}{section.27}% 54
\BOOKMARK [1][-]{section.28}{ar}{}% 55
\BOOKMARK [2][-]{subsection.28.1}{xNC}{section.28}% 56
\BOOKMARK [1][-]{section.29}{arbejde}{}% 57
\BOOKMARK [2][-]{subsection.29.1}{xNC}{section.29}% 58
\BOOKMARK [1][-]{section.30}{areld}{}% 59
\BOOKMARK [2][-]{subsection.30.1}{xNC}{section.30}% 60
\BOOKMARK [1][-]{section.31}{areldstith}{}% 61
\BOOKMARK [2][-]{subsection.31.1}{xNC}{section.31}% 62
\BOOKMARK [1][-]{section.32}{aring}{}% 63
\BOOKMARK [2][-]{subsection.32.1}{xNC}{section.32}% 64
\BOOKMARK [1][-]{section.33}{arm}{}% 65
\BOOKMARK [2][-]{subsection.33.1}{xNC}{section.33}% 66
\BOOKMARK [1][-]{section.34}{armoth}{}% 67
\BOOKMARK [2][-]{subsection.34.1}{xNC}{section.34}% 68
\BOOKMARK [1][-]{section.35}{artikel}{}% 69
\BOOKMARK [2][-]{subsection.35.1}{xNC}{section.35}% 70
\BOOKMARK [1][-]{section.36}{artith}{}% 71
\BOOKMARK [2][-]{subsection.36.1}{xNC}{section.36}% 72
\BOOKMARK [1][-]{section.37}{arv}{}% 73
\BOOKMARK [2][-]{subsection.37.1}{xNC}{section.37}% 74
\BOOKMARK [1][-]{section.38}{arving}{}% 75
\BOOKMARK [2][-]{subsection.38.1}{xNC}{section.38}% 76
\BOOKMARK [1][-]{section.39}{aræthe}{}% 77
\BOOKMARK [2][-]{subsection.39.1}{xNC}{section.39}% 78
\BOOKMARK [1][-]{section.40}{asjun}{}% 79
\BOOKMARK [2][-]{subsection.40.1}{xNC}{section.40}% 80
\BOOKMARK [1][-]{section.41}{ask}{}% 81
\BOOKMARK [2][-]{subsection.41.1}{xNC}{section.41}% 82
\BOOKMARK [1][-]{section.42}{astath}{}% 83
\BOOKMARK [2][-]{subsection.42.1}{xNC}{section.42}% 84
\BOOKMARK [1][-]{section.43}{athel+gate}{}% 85
\BOOKMARK [2][-]{subsection.43.1}{xNC}{section.43}% 86
\BOOKMARK [1][-]{section.44}{atthra}{}% 87
\BOOKMARK [2][-]{subsection.44.1}{xNC}{section.44}% 88
\BOOKMARK [1][-]{section.45}{avath}{}% 89
\BOOKMARK [2][-]{subsection.45.1}{xNC}{section.45}% 90
\BOOKMARK [1][-]{section.46}{avl}{}% 91
\BOOKMARK [2][-]{subsection.46.1}{xNC}{section.46}% 92
\BOOKMARK [1][-]{section.47}{ban}{}% 93
\BOOKMARK [2][-]{subsection.47.1}{xNC}{section.47}% 94
\BOOKMARK [1][-]{section.48}{band}{}% 95
\BOOKMARK [2][-]{subsection.48.1}{xNC}{section.48}% 96
\BOOKMARK [1][-]{section.49}{barn}{}% 97
\BOOKMARK [2][-]{subsection.49.1}{xNC}{section.49}% 98
\BOOKMARK [1][-]{section.50}{befaling}{}% 99
\BOOKMARK [2][-]{subsection.50.1}{xNC}{section.50}% 100
\BOOKMARK [1][-]{section.51}{begangelse}{}% 101
\BOOKMARK [2][-]{subsection.51.1}{xNC}{section.51}% 102
\BOOKMARK [1][-]{section.52}{begæring}{}% 103
\BOOKMARK [2][-]{subsection.52.1}{xNC}{section.52}% 104
\BOOKMARK [1][-]{section.53}{behov}{}% 105
\BOOKMARK [2][-]{subsection.53.1}{xNC}{section.53}% 106
\BOOKMARK [1][-]{section.54}{behøring}{}% 107
\BOOKMARK [2][-]{subsection.54.1}{xNC}{section.54}% 108
\BOOKMARK [1][-]{section.55}{berath}{}% 109
\BOOKMARK [2][-]{subsection.55.1}{xNC}{section.55}% 110
\BOOKMARK [1][-]{section.56}{beskethen+man}{}% 111
\BOOKMARK [2][-]{subsection.56.1}{xNC}{section.56}% 112
\BOOKMARK [1][-]{section.57}{beskærmelse}{}% 113
\BOOKMARK [2][-]{subsection.57.1}{xNC}{section.57}% 114
\BOOKMARK [1][-]{section.58}{beskærming}{}% 115
\BOOKMARK [2][-]{subsection.58.1}{xNC}{section.58}% 116
\BOOKMARK [1][-]{section.59}{bestandelse}{}% 117
\BOOKMARK [2][-]{subsection.59.1}{xNC}{section.59}% 118
\BOOKMARK [1][-]{section.60}{besværing}{}% 119
\BOOKMARK [2][-]{subsection.60.1}{xNC}{section.60}% 120
\BOOKMARK [1][-]{section.61}{besætjelse}{}% 121
\BOOKMARK [2][-]{subsection.61.1}{xNC}{section.61}% 122
\BOOKMARK [1][-]{section.62}{bet}{}% 123
\BOOKMARK [2][-]{subsection.62.1}{xNC}{section.62}% 124
\BOOKMARK [1][-]{section.63}{betaling}{}% 125
\BOOKMARK [2][-]{subsection.63.1}{xNC}{section.63}% 126
\BOOKMARK [1][-]{section.64}{bethe}{}% 127
\BOOKMARK [2][-]{subsection.64.1}{xNC}{section.64}% 128
\BOOKMARK [1][-]{section.65}{bevaring}{}% 129
\BOOKMARK [2][-]{subsection.65.1}{xNC}{section.65}% 130
\BOOKMARK [1][-]{section.66}{bevising}{}% 131
\BOOKMARK [2][-]{subsection.66.1}{xNC}{section.66}% 132
\BOOKMARK [1][-]{section.67}{bevisning}{}% 133
\BOOKMARK [2][-]{subsection.67.1}{xNC}{section.67}% 134
\BOOKMARK [1][-]{section.68}{birk}{}% 135
\BOOKMARK [2][-]{subsection.68.1}{xNC}{section.68}% 136
\BOOKMARK [1][-]{section.69}{biskop}{}% 137
\BOOKMARK [2][-]{subsection.69.1}{xNC}{section.69}% 138
\BOOKMARK [1][-]{section.70}{biskopsdom}{}% 139
\BOOKMARK [2][-]{subsection.70.1}{xNC}{section.70}% 140
\BOOKMARK [1][-]{section.71}{biskopsdøme}{}% 141
\BOOKMARK [2][-]{subsection.71.1}{xNC}{section.71}% 142
\BOOKMARK [1][-]{section.72}{biskopstiende}{}% 143
\BOOKMARK [2][-]{subsection.72.1}{xNC}{section.72}% 144
\BOOKMARK [1][-]{section.73}{bjargh}{}% 145
\BOOKMARK [2][-]{subsection.73.1}{xNC}{section.73}% 146
\BOOKMARK [1][-]{section.74}{bjug}{}% 147
\BOOKMARK [2][-]{subsection.74.1}{xNC}{section.74}% 148
\BOOKMARK [1][-]{section.75}{bo}{}% 149
\BOOKMARK [2][-]{subsection.75.1}{xNC}{section.75}% 150
\BOOKMARK [1][-]{section.76}{bok}{}% 151
\BOOKMARK [2][-]{subsection.76.1}{xNC}{section.76}% 152
\BOOKMARK [1][-]{section.77}{bol}{}% 153
\BOOKMARK [2][-]{subsection.77.1}{xNC}{section.77}% 154
\BOOKMARK [1][-]{section.78}{bolek}{}% 155
\BOOKMARK [2][-]{subsection.78.1}{xNC}{section.78}% 156
\BOOKMARK [1][-]{section.79}{bonde}{}% 157
\BOOKMARK [2][-]{subsection.79.1}{xNC}{section.79}% 158
\BOOKMARK [1][-]{section.80}{boskap}{}% 159
\BOOKMARK [2][-]{subsection.80.1}{xNC}{section.80}% 160
\BOOKMARK [1][-]{section.81}{both}{}% 161
\BOOKMARK [2][-]{subsection.81.1}{xNC}{section.81}% 162
\BOOKMARK [1][-]{section.82}{breth}{}% 163
\BOOKMARK [2][-]{subsection.82.1}{xNC}{section.82}% 164
\BOOKMARK [1][-]{section.83}{brethe}{}% 165
\BOOKMARK [2][-]{subsection.83.1}{xNC}{section.83}% 166
\BOOKMARK [1][-]{section.84}{brev}{}% 167
\BOOKMARK [2][-]{subsection.84.1}{xNC}{section.84}% 168
\BOOKMARK [1][-]{section.85}{brevførere}{}% 169
\BOOKMARK [2][-]{subsection.85.1}{xNC}{section.85}% 170
\BOOKMARK [1][-]{section.86}{brevvisere}{}% 171
\BOOKMARK [2][-]{subsection.86.1}{xNC}{section.86}% 172
\BOOKMARK [1][-]{section.87}{brinne}{}% 173
\BOOKMARK [2][-]{subsection.87.1}{xNC}{section.87}% 174
\BOOKMARK [1][-]{section.88}{brist}{}% 175
\BOOKMARK [2][-]{subsection.88.1}{xNC}{section.88}% 176
\BOOKMARK [1][-]{section.89}{brother}{}% 177
\BOOKMARK [2][-]{subsection.89.1}{xNC}{section.89}% 178
\BOOKMARK [1][-]{section.90}{brotherbarn}{}% 179
\BOOKMARK [2][-]{subsection.90.1}{xNC}{section.90}% 180
\BOOKMARK [1][-]{section.91}{brute}{}% 181
\BOOKMARK [2][-]{subsection.91.1}{xNC}{section.91}% 182
\BOOKMARK [1][-]{section.92}{bryn}{}% 183
\BOOKMARK [2][-]{subsection.92.1}{xNC}{section.92}% 184
\BOOKMARK [1][-]{section.93}{bryst}{}% 185
\BOOKMARK [2][-]{subsection.93.1}{xNC}{section.93}% 186
\BOOKMARK [1][-]{section.94}{burghemæstere}{}% 187
\BOOKMARK [2][-]{subsection.94.1}{xNC}{section.94}% 188
\BOOKMARK [1][-]{section.95}{burghere}{}% 189
\BOOKMARK [2][-]{subsection.95.1}{xNC}{section.95}% 190
\BOOKMARK [1][-]{section.96}{burth}{}% 191
\BOOKMARK [2][-]{subsection.96.1}{xNC}{section.96}% 192
\BOOKMARK [1][-]{section.97}{busk+foghet}{}% 193
\BOOKMARK [2][-]{subsection.97.1}{xNC}{section.97}% 194
\BOOKMARK [1][-]{section.98}{buth}{}% 195
\BOOKMARK [2][-]{subsection.98.1}{xNC}{section.98}% 196
\BOOKMARK [1][-]{section.99}{by}{}% 197
\BOOKMARK [2][-]{subsection.99.1}{xNC}{section.99}% 198
\BOOKMARK [1][-]{section.100}{byfoghet}{}% 199
\BOOKMARK [2][-]{subsection.100.1}{xNC}{section.100}% 200
\BOOKMARK [1][-]{section.101}{bygning}{}% 201
\BOOKMARK [2][-]{subsection.101.1}{xNC}{section.101}% 202
\BOOKMARK [1][-]{section.102}{byman}{}% 203
\BOOKMARK [2][-]{subsection.102.1}{xNC}{section.102}% 204
\BOOKMARK [1][-]{section.103}{byrth}{}% 205
\BOOKMARK [2][-]{subsection.103.1}{xNC}{section.103}% 206
\BOOKMARK [1][-]{section.104}{bything}{}% 207
\BOOKMARK [2][-]{subsection.104.1}{xNC}{section.104}% 208
\BOOKMARK [1][-]{section.105}{bytte}{}% 209
\BOOKMARK [2][-]{subsection.105.1}{xNC}{section.105}% 210
\BOOKMARK [1][-]{section.106}{bæk}{}% 211
\BOOKMARK [2][-]{subsection.106.1}{xNC}{section.106}% 212
\BOOKMARK [1][-]{section.107}{bænk}{}% 213
\BOOKMARK [2][-]{subsection.107.1}{xNC}{section.107}% 214
\BOOKMARK [1][-]{section.108}{bætring}{}% 215
\BOOKMARK [2][-]{subsection.108.1}{xNC}{section.108}% 216
\BOOKMARK [1][-]{section.109}{bætste}{}% 217
\BOOKMARK [2][-]{subsection.109.1}{xNC}{section.109}% 218
\BOOKMARK [1][-]{section.110}{bøn}{}% 219
\BOOKMARK [2][-]{subsection.110.1}{xNC}{section.110}% 220
\BOOKMARK [1][-]{section.111}{bønder}{}% 221
\BOOKMARK [2][-]{subsection.111.1}{xNC}{section.111}% 222
\BOOKMARK [1][-]{section.112}{ceremoni}{}% 223
\BOOKMARK [2][-]{subsection.112.1}{xNC}{section.112}% 224
\BOOKMARK [1][-]{section.113}{dagh}{}% 225
\BOOKMARK [2][-]{subsection.113.1}{xNC}{section.113}% 226
\BOOKMARK [1][-]{section.114}{daler}{}% 227
\BOOKMARK [2][-]{subsection.114.1}{xNC}{section.114}% 228
\BOOKMARK [1][-]{section.115}{dam}{}% 229
\BOOKMARK [2][-]{subsection.115.1}{xNC}{section.115}% 230
\BOOKMARK [1][-]{section.116}{dandeman}{}% 231
\BOOKMARK [2][-]{subsection.116.1}{xNC}{section.116}% 232
\BOOKMARK [1][-]{section.117}{dane}{}% 233
\BOOKMARK [2][-]{subsection.117.1}{xNC}{section.117}% 234
\BOOKMARK [1][-]{section.118}{dane+man}{}% 235
\BOOKMARK [2][-]{subsection.118.1}{xNC}{section.118}% 236
\BOOKMARK [1][-]{section.119}{danekunung}{}% 237
\BOOKMARK [2][-]{subsection.119.1}{xNC}{section.119}% 238
\BOOKMARK [1][-]{section.120}{dekan}{}% 239
\BOOKMARK [2][-]{subsection.120.1}{xNC}{section.120}% 240
\BOOKMARK [1][-]{section.121}{del}{}% 241
\BOOKMARK [2][-]{subsection.121.1}{xNC}{section.121}% 242
\BOOKMARK [1][-]{section.122}{dele}{}% 243
\BOOKMARK [2][-]{subsection.122.1}{xNC}{section.122}% 244
\BOOKMARK [1][-]{section.123}{djakn}{}% 245
\BOOKMARK [2][-]{subsection.123.1}{xNC}{section.123}% 246
\BOOKMARK [1][-]{section.124}{doktor}{}% 247
\BOOKMARK [2][-]{subsection.124.1}{xNC}{section.124}% 248
\BOOKMARK [1][-]{section.125}{dom}{}% 249
\BOOKMARK [2][-]{subsection.125.1}{xNC}{section.125}% 250
\BOOKMARK [1][-]{section.126}{dombrev}{}% 251
\BOOKMARK [2][-]{subsection.126.1}{xNC}{section.126}% 252
\BOOKMARK [1][-]{section.127}{domedagh}{}% 253
\BOOKMARK [2][-]{subsection.127.1}{xNC}{section.127}% 254
\BOOKMARK [1][-]{section.128}{domere}{}% 255
\BOOKMARK [2][-]{subsection.128.1}{xNC}{section.128}% 256
\BOOKMARK [1][-]{section.129}{domerestath}{}% 257
\BOOKMARK [2][-]{subsection.129.1}{xNC}{section.129}% 258
\BOOKMARK [1][-]{section.130}{domkirkje}{}% 259
\BOOKMARK [2][-]{subsection.130.1}{xNC}{section.130}% 260
\BOOKMARK [1][-]{section.131}{domprovest}{}% 261
\BOOKMARK [2][-]{subsection.131.1}{xNC}{section.131}% 262
\BOOKMARK [1][-]{section.132}{dompræst}{}% 263
\BOOKMARK [2][-]{subsection.132.1}{xNC}{section.132}% 264
\BOOKMARK [1][-]{section.133}{dotter}{}% 265
\BOOKMARK [2][-]{subsection.133.1}{xNC}{section.133}% 266
\BOOKMARK [1][-]{section.134}{drotning}{}% 267
\BOOKMARK [2][-]{subsection.134.1}{xNC}{section.134}% 268
\BOOKMARK [1][-]{section.135}{dyghth}{}% 269
\BOOKMARK [2][-]{subsection.135.1}{xNC}{section.135}% 270
\BOOKMARK [1][-]{section.136}{døme}{}% 271
\BOOKMARK [2][-]{subsection.136.1}{xNC}{section.136}% 272
\BOOKMARK [1][-]{section.137}{døth}{}% 273
\BOOKMARK [2][-]{subsection.137.1}{xNC}{section.137}% 274
\BOOKMARK [1][-]{section.138}{efterkomere}{}% 275
\BOOKMARK [2][-]{subsection.138.1}{xNC}{section.138}% 276
\BOOKMARK [1][-]{section.139}{eghe}{}% 277
\BOOKMARK [2][-]{subsection.139.1}{xNC}{section.139}% 278
\BOOKMARK [1][-]{section.140}{eghedel}{}% 279
\BOOKMARK [2][-]{subsection.140.1}{xNC}{section.140}% 280
\BOOKMARK [1][-]{section.141}{eghedom}{}% 281
\BOOKMARK [2][-]{subsection.141.1}{xNC}{section.141}% 282
\BOOKMARK [1][-]{section.142}{eghere}{}% 283
\BOOKMARK [2][-]{subsection.142.1}{xNC}{section.142}% 284
\BOOKMARK [1][-]{section.143}{eldebrand}{}% 285
\BOOKMARK [2][-]{subsection.143.1}{xNC}{section.143}% 286
\BOOKMARK [1][-]{section.144}{eng}{}% 287
\BOOKMARK [2][-]{subsection.144.1}{xNC}{section.144}% 288
\BOOKMARK [1][-]{section.145}{faghn}{}% 289
\BOOKMARK [2][-]{subsection.145.1}{xNC}{section.145}% 290
\BOOKMARK [1][-]{section.146}{fang}{}% 291
\BOOKMARK [2][-]{subsection.146.1}{xNC}{section.146}% 292
\BOOKMARK [1][-]{section.147}{fardagh}{}% 293
\BOOKMARK [2][-]{subsection.147.1}{xNC}{section.147}% 294
\BOOKMARK [1][-]{section.148}{fare}{}% 295
\BOOKMARK [2][-]{subsection.148.1}{xNC}{section.148}% 296
\BOOKMARK [1][-]{section.149}{faste}{}% 297
\BOOKMARK [2][-]{subsection.149.1}{xNC}{section.149}% 298
\BOOKMARK [1][-]{section.150}{fastedagh}{}% 299
\BOOKMARK [2][-]{subsection.150.1}{xNC}{section.150}% 300
\BOOKMARK [1][-]{section.151}{fat}{}% 301
\BOOKMARK [2][-]{subsection.151.1}{xNC}{section.151}% 302
\BOOKMARK [1][-]{section.152}{father}{}% 303
\BOOKMARK [2][-]{subsection.152.1}{xNC}{section.152}% 304
\BOOKMARK [1][-]{section.153}{fatøkdom}{}% 305
\BOOKMARK [2][-]{subsection.153.1}{xNC}{section.153}% 306
\BOOKMARK [1][-]{section.154}{finger}{}% 307
\BOOKMARK [2][-]{subsection.154.1}{xNC}{section.154}% 308
\BOOKMARK [1][-]{section.155}{fiskelæghe}{}% 309
\BOOKMARK [2][-]{subsection.155.1}{xNC}{section.155}% 310
\BOOKMARK [1][-]{section.156}{fiskepark}{}% 311
\BOOKMARK [2][-]{subsection.156.1}{xNC}{section.156}% 312
\BOOKMARK [1][-]{section.157}{fiskeskamel}{}% 313
\BOOKMARK [2][-]{subsection.157.1}{xNC}{section.157}% 314
\BOOKMARK [1][-]{section.158}{fiskevatn}{}% 315
\BOOKMARK [2][-]{subsection.158.1}{xNC}{section.158}% 316
\BOOKMARK [1][-]{section.159}{fjarthing}{}% 317
\BOOKMARK [2][-]{subsection.159.1}{xNC}{section.159}% 318
\BOOKMARK [1][-]{section.160}{foghet}{}% 319
\BOOKMARK [2][-]{subsection.160.1}{xNC}{section.160}% 320
\BOOKMARK [1][-]{section.161}{folk}{}% 321
\BOOKMARK [2][-]{subsection.161.1}{xNC}{section.161}% 322
\BOOKMARK [1][-]{section.162}{folks}{}% 323
\BOOKMARK [2][-]{subsection.162.1}{xNC}{section.162}% 324
\BOOKMARK [1][-]{section.163}{forbætrelse}{}% 325
\BOOKMARK [2][-]{subsection.163.1}{xNC}{section.163}% 326
\BOOKMARK [1][-]{section.164}{forbætring}{}% 327
\BOOKMARK [2][-]{subsection.164.1}{xNC}{section.164}% 328
\BOOKMARK [1][-]{section.165}{fordel}{}% 329
\BOOKMARK [2][-]{subsection.165.1}{xNC}{section.165}% 330
\BOOKMARK [1][-]{section.166}{forestandere}{}% 331
\BOOKMARK [2][-]{subsection.166.1}{xNC}{section.166}% 332
\BOOKMARK [1][-]{section.167}{forfang}{}% 333
\BOOKMARK [2][-]{subsection.167.1}{xNC}{section.167}% 334
\BOOKMARK [1][-]{section.168}{forfather}{}% 335
\BOOKMARK [2][-]{subsection.168.1}{xNC}{section.168}% 336
\BOOKMARK [1][-]{section.169}{forhaling}{}% 337
\BOOKMARK [2][-]{subsection.169.1}{xNC}{section.169}% 338
\BOOKMARK [1][-]{section.170}{forlæning}{}% 339
\BOOKMARK [2][-]{subsection.170.1}{xNC}{section.170}% 340
\BOOKMARK [1][-]{section.171}{formering}{}% 341
\BOOKMARK [2][-]{subsection.171.1}{xNC}{section.171}% 342
\BOOKMARK [1][-]{section.172}{formithdagh}{}% 343
\BOOKMARK [2][-]{subsection.172.1}{xNC}{section.172}% 344
\BOOKMARK [1][-]{section.173}{formughe}{}% 345
\BOOKMARK [2][-]{subsection.173.1}{xNC}{section.173}% 346
\BOOKMARK [1][-]{section.174}{formæle}{}% 347
\BOOKMARK [2][-]{subsection.174.1}{xNC}{section.174}% 348
\BOOKMARK [1][-]{section.175}{fororth}{}% 349
\BOOKMARK [2][-]{subsection.175.1}{xNC}{section.175}% 350
\BOOKMARK [1][-]{section.176}{forstandere}{}% 351
\BOOKMARK [2][-]{subsection.176.1}{xNC}{section.176}% 352
\BOOKMARK [1][-]{section.177}{forstanderinne}{}% 353
\BOOKMARK [2][-]{subsection.177.1}{xNC}{section.177}% 354
\BOOKMARK [1][-]{section.178}{forstanderske}{}% 355
\BOOKMARK [2][-]{subsection.178.1}{xNC}{section.178}% 356
\BOOKMARK [1][-]{section.179}{forsvar}{}% 357
\BOOKMARK [2][-]{subsection.179.1}{xNC}{section.179}% 358
\BOOKMARK [1][-]{section.180}{forsømelse}{}% 359
\BOOKMARK [2][-]{subsection.180.1}{xNC}{section.180}% 360
\BOOKMARK [1][-]{section.181}{foruten}{}% 361
\BOOKMARK [2][-]{subsection.181.1}{xNC}{section.181}% 362
\BOOKMARK [1][-]{section.182}{forvandling}{}% 363
\BOOKMARK [2][-]{subsection.182.1}{xNC}{section.182}% 364
\BOOKMARK [1][-]{section.183}{forvarelse}{}% 365
\BOOKMARK [2][-]{subsection.183.1}{xNC}{section.183}% 366
\BOOKMARK [1][-]{section.184}{forvaring}{}% 367
\BOOKMARK [2][-]{subsection.184.1}{xNC}{section.184}% 368
\BOOKMARK [1][-]{section.185}{forvarning}{}% 369
\BOOKMARK [2][-]{subsection.185.1}{xNC}{section.185}% 370
\BOOKMARK [1][-]{section.186}{forældre}{}% 371
\BOOKMARK [2][-]{subsection.186.1}{xNC}{section.186}% 372
\BOOKMARK [1][-]{section.187}{fot}{}% 373
\BOOKMARK [2][-]{subsection.187.1}{xNC}{section.187}% 374
\BOOKMARK [1][-]{section.188}{fredagh}{}% 375
\BOOKMARK [2][-]{subsection.188.1}{xNC}{section.188}% 376
\BOOKMARK [1][-]{section.189}{frest}{}% 377
\BOOKMARK [2][-]{subsection.189.1}{xNC}{section.189}% 378
\BOOKMARK [1][-]{section.190}{frihet}{}% 379
\BOOKMARK [2][-]{subsection.190.1}{xNC}{section.190}% 380
\BOOKMARK [1][-]{section.191}{frith}{}% 381
\BOOKMARK [2][-]{subsection.191.1}{xNC}{section.191}% 382
\BOOKMARK [1][-]{section.192}{fru}{}% 383
\BOOKMARK [2][-]{subsection.192.1}{xNC}{section.192}% 384
\BOOKMARK [1][-]{section.193}{frue}{}% 385
\BOOKMARK [2][-]{subsection.193.1}{xNC}{section.193}% 386
\BOOKMARK [1][-]{section.194}{frukt}{}% 387
\BOOKMARK [2][-]{subsection.194.1}{xNC}{section.194}% 388
\BOOKMARK [1][-]{section.195}{fryghth}{}% 389
\BOOKMARK [2][-]{subsection.195.1}{xNC}{section.195}% 390
\BOOKMARK [1][-]{section.196}{frænde}{}% 391
\BOOKMARK [2][-]{subsection.196.1}{xNC}{section.196}% 392
\BOOKMARK [1][-]{section.197}{fulbyrth}{}% 393
\BOOKMARK [2][-]{subsection.197.1}{xNC}{section.197}% 394
\BOOKMARK [1][-]{section.198}{fulmakt}{}% 395
\BOOKMARK [2][-]{subsection.198.1}{xNC}{section.198}% 396
\BOOKMARK [1][-]{section.199}{fund}{}% 397
\BOOKMARK [2][-]{subsection.199.1}{xNC}{section.199}% 398
\BOOKMARK [1][-]{section.200}{fyllest}{}% 399
\BOOKMARK [2][-]{subsection.200.1}{xNC}{section.200}% 400
\BOOKMARK [1][-]{section.201}{fyrste}{}% 401
\BOOKMARK [2][-]{subsection.201.1}{xNC}{section.201}% 402
\BOOKMARK [1][-]{section.202}{fyrstinne}{}% 403
\BOOKMARK [2][-]{subsection.202.1}{xNC}{section.202}% 404
\BOOKMARK [1][-]{section.203}{fyrstinnne}{}% 405
\BOOKMARK [2][-]{subsection.203.1}{xNC}{section.203}% 406
\BOOKMARK [1][-]{section.204}{fæ}{}% 407
\BOOKMARK [2][-]{subsection.204.1}{xNC}{section.204}% 408
\BOOKMARK [1][-]{section.205}{fægang}{}% 409
\BOOKMARK [2][-]{subsection.205.1}{xNC}{section.205}% 410
\BOOKMARK [1][-]{section.206}{fælagh}{}% 411
\BOOKMARK [2][-]{subsection.206.1}{xNC}{section.206}% 412
\BOOKMARK [1][-]{section.207}{fæstning}{}% 413
\BOOKMARK [2][-]{subsection.207.1}{xNC}{section.207}% 414
\BOOKMARK [1][-]{section.208}{fæthrene}{}% 415
\BOOKMARK [2][-]{subsection.208.1}{xNC}{section.208}% 416
\BOOKMARK [1][-]{section.209}{føthe}{}% 417
\BOOKMARK [2][-]{subsection.209.1}{xNC}{section.209}% 418
\BOOKMARK [1][-]{section.210}{føthelse}{}% 419
\BOOKMARK [2][-]{subsection.210.1}{xNC}{section.210}% 420
\BOOKMARK [1][-]{section.211}{gaghn}{}% 421
\BOOKMARK [2][-]{subsection.211.1}{xNC}{section.211}% 422
\BOOKMARK [1][-]{section.212}{gang}{}% 423
\BOOKMARK [2][-]{subsection.212.1}{xNC}{section.212}% 424
\BOOKMARK [1][-]{section.213}{garth}{}% 425
\BOOKMARK [2][-]{subsection.213.1}{xNC}{section.213}% 426
\BOOKMARK [1][-]{section.214}{garthsrum}{}% 427
\BOOKMARK [2][-]{subsection.214.1}{xNC}{section.214}% 428
\BOOKMARK [1][-]{section.215}{gas}{}% 429
\BOOKMARK [2][-]{subsection.215.1}{xNC}{section.215}% 430
\BOOKMARK [1][-]{section.216}{gate}{}% 431
\BOOKMARK [2][-]{subsection.216.1}{xNC}{section.216}% 432
\BOOKMARK [1][-]{section.217}{gave}{}% 433
\BOOKMARK [2][-]{subsection.217.1}{xNC}{section.217}% 434
\BOOKMARK [1][-]{section.218}{gensaghn}{}% 435
\BOOKMARK [2][-]{subsection.218.1}{xNC}{section.218}% 436
\BOOKMARK [1][-]{section.219}{gensvar}{}% 437
\BOOKMARK [2][-]{subsection.219.1}{xNC}{section.219}% 438
\BOOKMARK [1][-]{section.220}{gensæghjelse}{}% 439
\BOOKMARK [2][-]{subsection.220.1}{xNC}{section.220}% 440
\BOOKMARK [1][-]{section.221}{gjald}{}% 441
\BOOKMARK [2][-]{subsection.221.1}{xNC}{section.221}% 442
\BOOKMARK [1][-]{section.222}{glarvindughe}{}% 443
\BOOKMARK [2][-]{subsection.222.1}{xNC}{section.222}% 444
\BOOKMARK [1][-]{section.223}{gote}{}% 445
\BOOKMARK [2][-]{subsection.223.1}{xNC}{section.223}% 446
\BOOKMARK [1][-]{section.224}{goths}{}% 447
\BOOKMARK [2][-]{subsection.224.1}{xNC}{section.224}% 448
\BOOKMARK [1][-]{section.225}{grabrother}{}% 449
\BOOKMARK [2][-]{subsection.225.1}{xNC}{section.225}% 450
\BOOKMARK [1][-]{section.226}{greve}{}% 451
\BOOKMARK [2][-]{subsection.226.1}{xNC}{section.226}% 452
\BOOKMARK [1][-]{section.227}{grot}{}% 453
\BOOKMARK [2][-]{subsection.227.1}{xNC}{section.227}% 454
\BOOKMARK [1][-]{section.228}{gruft}{}% 455
\BOOKMARK [2][-]{subsection.228.1}{xNC}{section.228}% 456
\BOOKMARK [1][-]{section.229}{grund}{}% 457
\BOOKMARK [2][-]{subsection.229.1}{xNC}{section.229}% 458
\BOOKMARK [1][-]{section.230}{græsgang}{}% 459
\BOOKMARK [2][-]{subsection.230.1}{xNC}{section.230}% 460
\BOOKMARK [1][-]{section.231}{gul}{}% 461
\BOOKMARK [2][-]{subsection.231.1}{xNC}{section.231}% 462
\BOOKMARK [1][-]{section.232}{gunst}{}% 463
\BOOKMARK [2][-]{subsection.232.1}{xNC}{section.232}% 464
\BOOKMARK [1][-]{section.233}{guth}{}% 465
\BOOKMARK [2][-]{subsection.233.1}{xNC}{section.233}% 466
\BOOKMARK [1][-]{section.234}{guthelikhet}{}% 467
\BOOKMARK [2][-]{subsection.234.1}{xNC}{section.234}% 468
\BOOKMARK [1][-]{section.235}{guthsthjaneste}{}% 469
\BOOKMARK [2][-]{subsection.235.1}{xNC}{section.235}% 470
\BOOKMARK [1][-]{section.236}{gærning}{}% 471
\BOOKMARK [2][-]{subsection.236.1}{xNC}{section.236}% 472
\BOOKMARK [1][-]{section.237}{gærthe}{}% 473
\BOOKMARK [2][-]{subsection.237.1}{xNC}{section.237}% 474
\BOOKMARK [1][-]{section.238}{gærthsle}{}% 475
\BOOKMARK [2][-]{subsection.238.1}{xNC}{section.238}% 476
\BOOKMARK [1][-]{section.239}{gæsteri}{}% 477
\BOOKMARK [2][-]{subsection.239.1}{xNC}{section.239}% 478
\BOOKMARK [1][-]{section.240}{gæsting}{}% 479
\BOOKMARK [2][-]{subsection.240.1}{xNC}{section.240}% 480
\BOOKMARK [1][-]{section.241}{gæstning}{}% 481
\BOOKMARK [2][-]{subsection.241.1}{xNC}{section.241}% 482
\BOOKMARK [1][-]{section.242}{gøme}{}% 483
\BOOKMARK [2][-]{subsection.242.1}{xNC}{section.242}% 484
\BOOKMARK [1][-]{section.243}{hagh}{}% 485
\BOOKMARK [2][-]{subsection.243.1}{xNC}{section.243}% 486
\BOOKMARK [1][-]{section.244}{haghe}{}% 487
\BOOKMARK [2][-]{subsection.244.1}{xNC}{section.244}% 488
\BOOKMARK [1][-]{section.245}{hand}{}% 489
\BOOKMARK [2][-]{subsection.245.1}{xNC}{section.245}% 490
\BOOKMARK [1][-]{section.246}{handel}{}% 491
\BOOKMARK [2][-]{subsection.246.1}{xNC}{section.246}% 492
\BOOKMARK [1][-]{section.247}{hanse}{}% 493
\BOOKMARK [2][-]{subsection.247.1}{xNC}{section.247}% 494
\BOOKMARK [1][-]{section.248}{have}{}% 495
\BOOKMARK [2][-]{subsection.248.1}{xNC}{section.248}% 496
\BOOKMARK [1][-]{section.249}{havre}{}% 497
\BOOKMARK [2][-]{subsection.249.1}{xNC}{section.249}% 498
\BOOKMARK [1][-]{section.250}{helagh+thri+kunung}{}% 499
\BOOKMARK [2][-]{subsection.250.1}{xNC}{section.250}% 500
\BOOKMARK [1][-]{section.251}{helaghand}{}% 501
\BOOKMARK [2][-]{subsection.251.1}{xNC}{section.251}% 502
\BOOKMARK [1][-]{section.252}{helaghgæsthus}{}% 503
\BOOKMARK [2][-]{subsection.252.1}{xNC}{section.252}% 504
\BOOKMARK [1][-]{section.253}{helaghthrifaldighhet}{}% 505
\BOOKMARK [2][-]{subsection.253.1}{xNC}{section.253}% 506
\BOOKMARK [1][-]{section.254}{helsne}{}% 507
\BOOKMARK [2][-]{subsection.254.1}{xNC}{section.254}% 508
\BOOKMARK [1][-]{section.255}{hemel}{}% 509
\BOOKMARK [2][-]{subsection.255.1}{xNC}{section.255}% 510
\BOOKMARK [1][-]{section.256}{hemlen}{}% 511
\BOOKMARK [2][-]{subsection.256.1}{xNC}{section.256}% 512
\BOOKMARK [1][-]{section.257}{hether}{}% 513
\BOOKMARK [2][-]{subsection.257.1}{xNC}{section.257}% 514
\BOOKMARK [1][-]{section.258}{hinder}{}% 515
\BOOKMARK [2][-]{subsection.258.1}{xNC}{section.258}% 516
\BOOKMARK [1][-]{section.259}{hjalp}{}% 517
\BOOKMARK [2][-]{subsection.259.1}{xNC}{section.259}% 518
\BOOKMARK [1][-]{section.260}{hjalpe}{}% 519
\BOOKMARK [2][-]{subsection.260.1}{xNC}{section.260}% 520
\BOOKMARK [1][-]{section.261}{hjalperethe}{}% 521
\BOOKMARK [2][-]{subsection.261.1}{xNC}{section.261}% 522
\BOOKMARK [1][-]{section.262}{hjon}{}% 523
\BOOKMARK [2][-]{subsection.262.1}{xNC}{section.262}% 524
\BOOKMARK [1][-]{section.263}{hog}{}% 525
\BOOKMARK [2][-]{subsection.263.1}{xNC}{section.263}% 526
\BOOKMARK [1][-]{section.264}{holt}{}% 527
\BOOKMARK [2][-]{subsection.264.1}{xNC}{section.264}% 528
\BOOKMARK [1][-]{section.265}{hosbondis}{}% 529
\BOOKMARK [2][-]{subsection.265.1}{xNC}{section.265}% 530
\BOOKMARK [1][-]{section.266}{hovethpænning}{}% 531
\BOOKMARK [2][-]{subsection.266.1}{xNC}{section.266}% 532
\BOOKMARK [1][-]{section.267}{hovethsman}{}% 533
\BOOKMARK [2][-]{subsection.267.1}{xNC}{section.267}% 534
\BOOKMARK [1][-]{section.268}{hovmæstere}{}% 535
\BOOKMARK [2][-]{subsection.268.1}{xNC}{section.268}% 536
\BOOKMARK [1][-]{section.269}{hugh}{}% 537
\BOOKMARK [2][-]{subsection.269.1}{xNC}{section.269}% 538
\BOOKMARK [1][-]{section.270}{hul}{}% 539
\BOOKMARK [2][-]{subsection.270.1}{xNC}{section.270}% 540
\BOOKMARK [1][-]{section.271}{hus}{}% 541
\BOOKMARK [2][-]{subsection.271.1}{xNC}{section.271}% 542
\BOOKMARK [1][-]{section.272}{husbonde}{}% 543
\BOOKMARK [2][-]{subsection.272.1}{xNC}{section.272}% 544
\BOOKMARK [1][-]{section.273}{husbygning}{}% 545
\BOOKMARK [2][-]{subsection.273.1}{xNC}{section.273}% 546
\BOOKMARK [1][-]{section.274}{husfru}{}% 547
\BOOKMARK [2][-]{subsection.274.1}{xNC}{section.274}% 548
\BOOKMARK [1][-]{section.275}{husfrue}{}% 549
\BOOKMARK [2][-]{subsection.275.1}{xNC}{section.275}% 550
\BOOKMARK [1][-]{section.276}{hvetebrøth}{}% 551
\BOOKMARK [2][-]{subsection.276.1}{xNC}{section.276}% 552
\BOOKMARK [1][-]{section.277}{hvælning}{}% 553
\BOOKMARK [2][-]{subsection.277.1}{xNC}{section.277}% 554
\BOOKMARK [1][-]{section.278}{hyld}{}% 555
\BOOKMARK [2][-]{subsection.278.1}{xNC}{section.278}% 556
\BOOKMARK [1][-]{section.279}{hyrne}{}% 557
\BOOKMARK [2][-]{subsection.279.1}{xNC}{section.279}% 558
\BOOKMARK [1][-]{section.280}{hæghn}{}% 559
\BOOKMARK [2][-]{subsection.280.1}{xNC}{section.280}% 560
\BOOKMARK [1][-]{section.281}{hæghth}{}% 561
\BOOKMARK [2][-]{subsection.281.1}{xNC}{section.281}% 562
\BOOKMARK [1][-]{section.282}{hælghen}{}% 563
\BOOKMARK [2][-]{subsection.282.1}{xNC}{section.282}% 564
\BOOKMARK [1][-]{section.283}{hæreth}{}% 565
\BOOKMARK [2][-]{subsection.283.1}{xNC}{section.283}% 566
\BOOKMARK [1][-]{section.284}{hærethsfoghet}{}% 567
\BOOKMARK [2][-]{subsection.284.1}{xNC}{section.284}% 568
\BOOKMARK [1][-]{section.285}{hærethsthing}{}% 569
\BOOKMARK [2][-]{subsection.285.1}{xNC}{section.285}% 570
\BOOKMARK [1][-]{section.286}{hærre}{}% 571
\BOOKMARK [2][-]{subsection.286.1}{xNC}{section.286}% 572
\BOOKMARK [1][-]{section.287}{hærskap}{}% 573
\BOOKMARK [2][-]{subsection.287.1}{xNC}{section.287}% 574
\BOOKMARK [1][-]{section.288}{hærtugh}{}% 575
\BOOKMARK [2][-]{subsection.288.1}{xNC}{section.288}% 576
\BOOKMARK [1][-]{section.289}{hæst}{}% 577
\BOOKMARK [2][-]{subsection.289.1}{xNC}{section.289}% 578
\BOOKMARK [1][-]{section.290}{hævnd}{}% 579
\BOOKMARK [2][-]{subsection.290.1}{xNC}{section.290}% 580
\BOOKMARK [1][-]{section.291}{hævth}{}% 581
\BOOKMARK [2][-]{subsection.291.1}{xNC}{section.291}% 582
\BOOKMARK [1][-]{section.292}{hø}{}% 583
\BOOKMARK [2][-]{subsection.292.1}{xNC}{section.292}% 584
\BOOKMARK [1][-]{section.293}{hø+thvet}{}% 585
\BOOKMARK [2][-]{subsection.293.1}{xNC}{section.293}% 586
\BOOKMARK [1][-]{section.294}{høghmisse}{}% 587
\BOOKMARK [2][-]{subsection.294.1}{xNC}{section.294}% 588
\BOOKMARK [1][-]{section.295}{høghtith}{}% 589
\BOOKMARK [2][-]{subsection.295.1}{xNC}{section.295}% 590
\BOOKMARK [1][-]{section.296}{høne}{}% 591
\BOOKMARK [2][-]{subsection.296.1}{xNC}{section.296}% 592
\BOOKMARK [1][-]{section.297}{høst}{}% 593
\BOOKMARK [2][-]{subsection.297.1}{xNC}{section.297}% 594
\BOOKMARK [1][-]{section.298}{høveth}{}% 595
\BOOKMARK [2][-]{subsection.298.1}{xNC}{section.298}% 596
\BOOKMARK [1][-]{section.299}{høveth+man}{}% 597
\BOOKMARK [2][-]{subsection.299.1}{xNC}{section.299}% 598
\BOOKMARK [1][-]{section.300}{i}{}% 599
\BOOKMARK [2][-]{subsection.300.1}{xNC}{section.300}% 600
\BOOKMARK [1][-]{section.301}{inbygjere}{}% 601
\BOOKMARK [2][-]{subsection.301.1}{xNC}{section.301}% 602
\BOOKMARK [1][-]{section.302}{inføring}{}% 603
\BOOKMARK [2][-]{subsection.302.1}{xNC}{section.302}% 604
\BOOKMARK [1][-]{section.303}{ingang}{}% 605
\BOOKMARK [2][-]{subsection.303.1}{xNC}{section.303}% 606
\BOOKMARK [1][-]{section.304}{ingive}{}% 607
\BOOKMARK [2][-]{subsection.304.1}{xNC}{section.304}% 608
\BOOKMARK [1][-]{section.305}{insighle}{}% 609
\BOOKMARK [2][-]{subsection.305.1}{xNC}{section.305}% 610
\BOOKMARK [1][-]{section.306}{jarn}{}% 611
\BOOKMARK [2][-]{subsection.306.1}{xNC}{section.306}% 612
\BOOKMARK [1][-]{section.307}{javneth}{}% 613
\BOOKMARK [2][-]{subsection.307.1}{xNC}{section.307}% 614
\BOOKMARK [1][-]{section.308}{jomfrue}{}% 615
\BOOKMARK [2][-]{subsection.308.1}{xNC}{section.308}% 616
\BOOKMARK [1][-]{section.309}{jorth}{}% 617
\BOOKMARK [2][-]{subsection.309.1}{xNC}{section.309}% 618
\BOOKMARK [1][-]{section.310}{jorthegoths}{}% 619
\BOOKMARK [2][-]{subsection.310.1}{xNC}{section.310}% 620
\BOOKMARK [1][-]{section.311}{jorthskyld}{}% 621
\BOOKMARK [2][-]{subsection.311.1}{xNC}{section.311}% 622
\BOOKMARK [1][-]{section.312}{jul}{}% 623
\BOOKMARK [2][-]{subsection.312.1}{xNC}{section.312}% 624
\BOOKMARK [1][-]{section.313}{julius}{}% 625
\BOOKMARK [2][-]{subsection.313.1}{xNC}{section.313}% 626
\BOOKMARK [1][-]{section.314}{jungfru}{}% 627
\BOOKMARK [2][-]{subsection.314.1}{xNC}{section.314}% 628
\BOOKMARK [1][-]{section.315}{jungfrue}{}% 629
\BOOKMARK [2][-]{subsection.315.1}{xNC}{section.315}% 630
\BOOKMARK [1][-]{section.316}{jungrue}{}% 631
\BOOKMARK [2][-]{subsection.316.1}{xNC}{section.316}% 632
\BOOKMARK [1][-]{section.317}{kal}{}% 633
\BOOKMARK [2][-]{subsection.317.1}{xNC}{section.317}% 634
\BOOKMARK [1][-]{section.318}{kalhaghe}{}% 635
\BOOKMARK [2][-]{subsection.318.1}{xNC}{section.318}% 636
\BOOKMARK [1][-]{section.319}{kanik}{}% 637
\BOOKMARK [2][-]{subsection.319.1}{xNC}{section.319}% 638
\BOOKMARK [1][-]{section.320}{kanikdøme}{}% 639
\BOOKMARK [2][-]{subsection.320.1}{xNC}{section.320}% 640
\BOOKMARK [1][-]{section.321}{kanikedøme}{}% 641
\BOOKMARK [2][-]{subsection.321.1}{xNC}{section.321}% 642
\BOOKMARK [1][-]{section.322}{kant}{}% 643
\BOOKMARK [2][-]{subsection.322.1}{xNC}{section.322}% 644
\BOOKMARK [1][-]{section.323}{kantor}{}% 645
\BOOKMARK [2][-]{subsection.323.1}{xNC}{section.323}% 646
\BOOKMARK [1][-]{section.324}{kapel}{}% 647
\BOOKMARK [2][-]{subsection.324.1}{xNC}{section.324}% 648
\BOOKMARK [1][-]{section.325}{kapellan}{}% 649
\BOOKMARK [2][-]{subsection.325.1}{xNC}{section.325}% 650
\BOOKMARK [1][-]{section.326}{kapitel}{}% 651
\BOOKMARK [2][-]{subsection.326.1}{xNC}{section.326}% 652
\BOOKMARK [1][-]{section.327}{kirkje}{}% 653
\BOOKMARK [2][-]{subsection.327.1}{xNC}{section.327}% 654
\BOOKMARK [1][-]{section.328}{kirkjegarth}{}% 655
\BOOKMARK [2][-]{subsection.328.1}{xNC}{section.328}% 656
\BOOKMARK [1][-]{section.329}{kirkjemisse}{}% 657
\BOOKMARK [2][-]{subsection.329.1}{xNC}{section.329}% 658
\BOOKMARK [1][-]{section.330}{kirkjes}{}% 659
\BOOKMARK [2][-]{subsection.330.1}{xNC}{section.330}% 660
\BOOKMARK [1][-]{section.331}{kirkjeværje}{}% 661
\BOOKMARK [2][-]{subsection.331.1}{xNC}{section.331}% 662
\BOOKMARK [1][-]{section.332}{kiste}{}% 663
\BOOKMARK [2][-]{subsection.332.1}{xNC}{section.332}% 664
\BOOKMARK [1][-]{section.333}{kjot}{}% 665
\BOOKMARK [2][-]{subsection.333.1}{xNC}{section.333}% 666
\BOOKMARK [1][-]{section.334}{klenoth}{}% 667
\BOOKMARK [2][-]{subsection.334.1}{xNC}{section.334}% 668
\BOOKMARK [1][-]{section.335}{klokke}{}% 669
\BOOKMARK [2][-]{subsection.335.1}{xNC}{section.335}% 670
\BOOKMARK [1][-]{section.336}{klokkere}{}% 671
\BOOKMARK [2][-]{subsection.336.1}{xNC}{section.336}% 672
\BOOKMARK [1][-]{section.337}{kloster}{}% 673
\BOOKMARK [2][-]{subsection.337.1}{xNC}{section.337}% 674
\BOOKMARK [1][-]{section.338}{klosterfrue}{}% 675
\BOOKMARK [2][-]{subsection.338.1}{xNC}{section.338}% 676
\BOOKMARK [1][-]{section.339}{klæthe}{}% 677
\BOOKMARK [2][-]{subsection.339.1}{xNC}{section.339}% 678
\BOOKMARK [1][-]{section.340}{klætheboth}{}% 679
\BOOKMARK [2][-]{subsection.340.1}{xNC}{section.340}% 680
\BOOKMARK [1][-]{section.341}{ko}{}% 681
\BOOKMARK [2][-]{subsection.341.1}{xNC}{section.341}% 682
\BOOKMARK [1][-]{section.342}{kollegiatus}{}% 683
\BOOKMARK [2][-]{subsection.342.1}{xNC}{section.342}% 684
\BOOKMARK [1][-]{section.343}{kone}{}% 685
\BOOKMARK [2][-]{subsection.343.1}{xNC}{section.343}% 686
\BOOKMARK [1][-]{section.344}{konvent}{}% 687
\BOOKMARK [2][-]{subsection.344.1}{xNC}{section.344}% 688
\BOOKMARK [1][-]{section.345}{kor}{}% 689
\BOOKMARK [2][-]{subsection.345.1}{xNC}{section.345}% 690
\BOOKMARK [1][-]{section.346}{korn}{}% 691
\BOOKMARK [2][-]{subsection.346.1}{xNC}{section.346}% 692
\BOOKMARK [1][-]{section.347}{korpæpling}{}% 693
\BOOKMARK [2][-]{subsection.347.1}{xNC}{section.347}% 694
\BOOKMARK [1][-]{section.348}{kors}{}% 695
\BOOKMARK [2][-]{subsection.348.1}{xNC}{section.348}% 696
\BOOKMARK [1][-]{section.349}{kost}{}% 697
\BOOKMARK [2][-]{subsection.349.1}{xNC}{section.349}% 698
\BOOKMARK [1][-]{section.350}{krone}{}% 699
\BOOKMARK [2][-]{subsection.350.1}{xNC}{section.350}% 700
\BOOKMARK [1][-]{section.351}{kræmere}{}% 701
\BOOKMARK [2][-]{subsection.351.1}{xNC}{section.351}% 702
\BOOKMARK [1][-]{section.352}{kuning}{}% 703
\BOOKMARK [2][-]{subsection.352.1}{xNC}{section.352}% 704
\BOOKMARK [1][-]{section.353}{kunung}{}% 705
\BOOKMARK [2][-]{subsection.353.1}{xNC}{section.353}% 706
\BOOKMARK [1][-]{section.354}{kvæthje}{}% 707
\BOOKMARK [2][-]{subsection.354.1}{xNC}{section.354}% 708
\BOOKMARK [1][-]{section.355}{kyndelmisse}{}% 709
\BOOKMARK [2][-]{subsection.355.1}{xNC}{section.355}% 710
\BOOKMARK [1][-]{section.356}{kænne}{}% 711
\BOOKMARK [2][-]{subsection.356.1}{xNC}{section.356}% 712
\BOOKMARK [1][-]{section.357}{kære}{}% 713
\BOOKMARK [2][-]{subsection.357.1}{xNC}{section.357}% 714
\BOOKMARK [1][-]{section.358}{kærlikhet}{}% 715
\BOOKMARK [2][-]{subsection.358.1}{xNC}{section.358}% 716
\BOOKMARK [1][-]{section.359}{køp}{}% 717
\BOOKMARK [2][-]{subsection.359.1}{xNC}{section.359}% 718
\BOOKMARK [1][-]{section.360}{køpstath}{}% 719
\BOOKMARK [2][-]{subsection.360.1}{xNC}{section.360}% 720
\BOOKMARK [1][-]{section.361}{lagde}{}% 721
\BOOKMARK [2][-]{subsection.361.1}{xNC}{section.361}% 722
\BOOKMARK [1][-]{section.362}{lamb}{}% 723
\BOOKMARK [2][-]{subsection.362.1}{xNC}{section.362}% 724
\BOOKMARK [1][-]{section.363}{lan}{}% 725
\BOOKMARK [2][-]{subsection.363.1}{xNC}{section.363}% 726
\BOOKMARK [1][-]{section.364}{land}{}% 727
\BOOKMARK [2][-]{subsection.364.1}{xNC}{section.364}% 728
\BOOKMARK [1][-]{section.365}{landbo}{}% 729
\BOOKMARK [2][-]{subsection.365.1}{xNC}{section.365}% 730
\BOOKMARK [1][-]{section.366}{landgilde}{}% 731
\BOOKMARK [2][-]{subsection.366.1}{xNC}{section.366}% 732
\BOOKMARK [1][-]{section.367}{landgoths}{}% 733
\BOOKMARK [2][-]{subsection.367.1}{xNC}{section.367}% 734
\BOOKMARK [1][-]{section.368}{landsdomere}{}% 735
\BOOKMARK [2][-]{subsection.368.1}{xNC}{section.368}% 736
\BOOKMARK [1][-]{section.369}{landslagh}{}% 737
\BOOKMARK [2][-]{subsection.369.1}{xNC}{section.369}% 738
\BOOKMARK [1][-]{section.370}{landslogh}{}% 739
\BOOKMARK [2][-]{subsection.370.1}{xNC}{section.370}% 740
\BOOKMARK [1][-]{section.371}{landsthing}{}% 741
\BOOKMARK [2][-]{subsection.371.1}{xNC}{section.371}% 742
\BOOKMARK [1][-]{section.372}{las}{}% 743
\BOOKMARK [2][-]{subsection.372.1}{xNC}{section.372}% 744
\BOOKMARK [1][-]{section.373}{lathe}{}% 745
\BOOKMARK [2][-]{subsection.373.1}{xNC}{section.373}% 746
\BOOKMARK [1][-]{section.374}{lathegarth}{}% 747
\BOOKMARK [2][-]{subsection.374.1}{xNC}{section.374}% 748
\BOOKMARK [1][-]{section.375}{legat}{}% 749
\BOOKMARK [2][-]{subsection.375.1}{xNC}{section.375}% 750
\BOOKMARK [1][-]{section.376}{leghe}{}% 751
\BOOKMARK [2][-]{subsection.376.1}{xNC}{section.376}% 752
\BOOKMARK [1][-]{section.377}{leghning}{}% 753
\BOOKMARK [2][-]{subsection.377.1}{xNC}{section.377}% 754
\BOOKMARK [1][-]{section.378}{lething}{}% 755
\BOOKMARK [2][-]{subsection.378.1}{xNC}{section.378}% 756
\BOOKMARK [1][-]{section.379}{ligjelse}{}% 757
\BOOKMARK [2][-]{subsection.379.1}{xNC}{section.379}% 758
\BOOKMARK [1][-]{section.380}{like}{}% 759
\BOOKMARK [2][-]{subsection.380.1}{xNC}{section.380}% 760
\BOOKMARK [1][-]{section.381}{likeme}{}% 761
\BOOKMARK [2][-]{subsection.381.1}{xNC}{section.381}% 762
\BOOKMARK [1][-]{section.382}{lind}{}% 763
\BOOKMARK [2][-]{subsection.382.1}{xNC}{section.382}% 764
\BOOKMARK [1][-]{section.383}{lise}{}% 765
\BOOKMARK [2][-]{subsection.383.1}{xNC}{section.383}% 766
\BOOKMARK [1][-]{section.384}{liv}{}% 767
\BOOKMARK [2][-]{subsection.384.1}{xNC}{section.384}% 768
\BOOKMARK [1][-]{section.385}{livdagh}{}% 769
\BOOKMARK [2][-]{subsection.385.1}{xNC}{section.385}% 770
\BOOKMARK [1][-]{section.386}{livstith}{}% 771
\BOOKMARK [2][-]{subsection.386.1}{xNC}{section.386}% 772
\BOOKMARK [1][-]{section.387}{ljus}{}% 773
\BOOKMARK [2][-]{subsection.387.1}{xNC}{section.387}% 774
\BOOKMARK [1][-]{section.388}{ljusning}{}% 775
\BOOKMARK [2][-]{subsection.388.1}{xNC}{section.388}% 776
\BOOKMARK [1][-]{section.389}{ljuthelse}{}% 777
\BOOKMARK [2][-]{subsection.389.1}{xNC}{section.389}% 778
\BOOKMARK [1][-]{section.390}{logh}{}% 779
\BOOKMARK [2][-]{subsection.390.1}{xNC}{section.390}% 780
\BOOKMARK [1][-]{section.391}{loghlik+hævth}{}% 781
\BOOKMARK [2][-]{subsection.391.1}{xNC}{section.391}% 782
\BOOKMARK [1][-]{section.392}{lot}{}% 783
\BOOKMARK [2][-]{subsection.392.1}{xNC}{section.392}% 784
\BOOKMARK [1][-]{section.393}{lotshærre}{}% 785
\BOOKMARK [2][-]{subsection.393.1}{xNC}{section.393}% 786
\BOOKMARK [1][-]{section.394}{lov}{}% 787
\BOOKMARK [2][-]{subsection.394.1}{xNC}{section.394}% 788
\BOOKMARK [1][-]{section.395}{lykke}{}% 789
\BOOKMARK [2][-]{subsection.395.1}{xNC}{section.395}% 790
\BOOKMARK [1][-]{section.396}{læghelikhet}{}% 791
\BOOKMARK [2][-]{subsection.396.1}{xNC}{section.396}% 792
\BOOKMARK [1][-]{section.397}{lægherstath}{}% 793
\BOOKMARK [2][-]{subsection.397.1}{xNC}{section.397}% 794
\BOOKMARK [1][-]{section.398}{længe}{}% 795
\BOOKMARK [2][-]{subsection.398.1}{xNC}{section.398}% 796
\BOOKMARK [1][-]{section.399}{længth}{}% 797
\BOOKMARK [2][-]{subsection.399.1}{xNC}{section.399}% 798
\BOOKMARK [1][-]{section.400}{lænsman}{}% 799
\BOOKMARK [2][-]{subsection.400.1}{xNC}{section.400}% 800
\BOOKMARK [1][-]{section.401}{læst}{}% 801
\BOOKMARK [2][-]{subsection.401.1}{xNC}{section.401}% 802
\BOOKMARK [1][-]{section.402}{løgherdagh}{}% 803
\BOOKMARK [2][-]{subsection.402.1}{xNC}{section.402}% 804
\BOOKMARK [1][-]{section.403}{løthemark}{}% 805
\BOOKMARK [2][-]{subsection.403.1}{xNC}{section.403}% 806
\BOOKMARK [1][-]{section.404}{løv+mark}{}% 807
\BOOKMARK [2][-]{subsection.404.1}{xNC}{section.404}% 808
\BOOKMARK [1][-]{section.405}{maj}{}% 809
\BOOKMARK [2][-]{subsection.405.1}{xNC}{section.405}% 810
\BOOKMARK [1][-]{section.406}{mak}{}% 811
\BOOKMARK [2][-]{subsection.406.1}{xNC}{section.406}% 812
\BOOKMARK [1][-]{section.407}{makelagh}{}% 813
\BOOKMARK [2][-]{subsection.407.1}{xNC}{section.407}% 814
\BOOKMARK [1][-]{section.408}{makeskifte}{}% 815
\BOOKMARK [2][-]{subsection.408.1}{xNC}{section.408}% 816
\BOOKMARK [1][-]{section.409}{makt}{}% 817
\BOOKMARK [2][-]{subsection.409.1}{xNC}{section.409}% 818
\BOOKMARK [1][-]{section.410}{mal}{}% 819
\BOOKMARK [2][-]{subsection.410.1}{xNC}{section.410}% 820
\BOOKMARK [1][-]{section.411}{man}{}% 821
\BOOKMARK [2][-]{subsection.411.1}{xNC}{section.411}% 822
\BOOKMARK [1][-]{section.412}{mandagh}{}% 823
\BOOKMARK [2][-]{subsection.412.1}{xNC}{section.412}% 824
\BOOKMARK [1][-]{section.413}{maneth}{}% 825
\BOOKMARK [2][-]{subsection.413.1}{xNC}{section.413}% 826
\BOOKMARK [1][-]{section.414}{mark}{}% 827
\BOOKMARK [2][-]{subsection.414.1}{xNC}{section.414}% 828
\BOOKMARK [1][-]{section.415}{markeskjal}{}% 829
\BOOKMARK [2][-]{subsection.415.1}{xNC}{section.415}% 830
\BOOKMARK [1][-]{section.416}{marketh}{}% 831
\BOOKMARK [2][-]{subsection.416.1}{xNC}{section.416}% 832
\BOOKMARK [1][-]{section.417}{martyr}{}% 833
\BOOKMARK [2][-]{subsection.417.1}{xNC}{section.417}% 834
\BOOKMARK [1][-]{section.418}{mat}{}% 835
\BOOKMARK [2][-]{subsection.418.1}{xNC}{section.418}% 836
\BOOKMARK [1][-]{section.419}{mate}{}% 837
\BOOKMARK [2][-]{subsection.419.1}{xNC}{section.419}% 838
\BOOKMARK [1][-]{section.420}{menighhet}{}% 839
\BOOKMARK [2][-]{subsection.420.1}{xNC}{section.420}% 840
\BOOKMARK [1][-]{section.421}{minde}{}% 841
\BOOKMARK [2][-]{subsection.421.1}{xNC}{section.421}% 842
\BOOKMARK [1][-]{section.422}{minister}{}% 843
\BOOKMARK [2][-]{subsection.422.1}{xNC}{section.422}% 844
\BOOKMARK [1][-]{section.423}{minne}{}% 845
\BOOKMARK [2][-]{subsection.423.1}{xNC}{section.423}% 846
\BOOKMARK [1][-]{section.424}{misse}{}% 847
\BOOKMARK [2][-]{subsection.424.1}{xNC}{section.424}% 848
\BOOKMARK [1][-]{section.425}{misserethe}{}% 849
\BOOKMARK [2][-]{subsection.425.1}{xNC}{section.425}% 850
\BOOKMARK [1][-]{section.426}{mithdagh}{}% 851
\BOOKMARK [2][-]{subsection.426.1}{xNC}{section.426}% 852
\BOOKMARK [1][-]{section.427}{moth}{}% 853
\BOOKMARK [2][-]{subsection.427.1}{xNC}{section.427}% 854
\BOOKMARK [1][-]{section.428}{mother}{}% 855
\BOOKMARK [2][-]{subsection.428.1}{xNC}{section.428}% 856
\BOOKMARK [1][-]{section.429}{mothersyster}{}% 857
\BOOKMARK [2][-]{subsection.429.1}{xNC}{section.429}% 858
\BOOKMARK [1][-]{section.430}{mur}{}% 859
\BOOKMARK [2][-]{subsection.430.1}{xNC}{section.430}% 860
\BOOKMARK [1][-]{section.431}{muse}{}% 861
\BOOKMARK [2][-]{subsection.431.1}{xNC}{section.431}% 862
\BOOKMARK [1][-]{section.432}{mylne}{}% 863
\BOOKMARK [2][-]{subsection.432.1}{xNC}{section.432}% 864
\BOOKMARK [1][-]{section.433}{mynt}{}% 865
\BOOKMARK [2][-]{subsection.433.1}{xNC}{section.433}% 866
\BOOKMARK [1][-]{section.434}{mænneske}{}% 867
\BOOKMARK [2][-]{subsection.434.1}{xNC}{section.434}% 868
\BOOKMARK [1][-]{section.435}{mæstere}{}% 869
\BOOKMARK [2][-]{subsection.435.1}{xNC}{section.435}% 870
\BOOKMARK [1][-]{section.436}{mæthlithelse}{}% 871
\BOOKMARK [2][-]{subsection.436.1}{xNC}{section.436}% 872
\BOOKMARK [1][-]{section.437}{møte}{}% 873
\BOOKMARK [2][-]{subsection.437.1}{xNC}{section.437}% 874
\BOOKMARK [1][-]{section.438}{møthe}{}% 875
\BOOKMARK [2][-]{subsection.438.1}{xNC}{section.438}% 876
\BOOKMARK [1][-]{section.439}{møthrene}{}% 877
\BOOKMARK [2][-]{subsection.439.1}{xNC}{section.439}% 878
\BOOKMARK [1][-]{section.440}{nabo}{}% 879
\BOOKMARK [2][-]{subsection.440.1}{xNC}{section.440}% 880
\BOOKMARK [1][-]{section.441}{nat}{}% 881
\BOOKMARK [2][-]{subsection.441.1}{xNC}{section.441}% 882
\BOOKMARK [1][-]{section.442}{nate}{}% 883
\BOOKMARK [2][-]{subsection.442.1}{xNC}{section.442}% 884
\BOOKMARK [1][-]{section.443}{nathe}{}% 885
\BOOKMARK [2][-]{subsection.443.1}{xNC}{section.443}% 886
\BOOKMARK [1][-]{section.444}{nativitas}{}% 887
\BOOKMARK [2][-]{subsection.444.1}{xNC}{section.444}% 888
\BOOKMARK [1][-]{section.445}{navn}{}% 889
\BOOKMARK [2][-]{subsection.445.1}{xNC}{section.445}% 890
\BOOKMARK [1][-]{section.446}{north}{}% 891
\BOOKMARK [2][-]{subsection.446.1}{xNC}{section.446}% 892
\BOOKMARK [1][-]{section.447}{northen}{}% 893
\BOOKMARK [2][-]{subsection.447.1}{xNC}{section.447}% 894
\BOOKMARK [1][-]{section.448}{nyar}{}% 895
\BOOKMARK [2][-]{subsection.448.1}{xNC}{section.448}% 896
\BOOKMARK [1][-]{section.449}{nyt}{}% 897
\BOOKMARK [2][-]{subsection.449.1}{xNC}{section.449}% 898
\BOOKMARK [1][-]{section.450}{nythje}{}% 899
\BOOKMARK [2][-]{subsection.450.1}{xNC}{section.450}% 900
\BOOKMARK [1][-]{section.451}{nærværelse}{}% 901
\BOOKMARK [2][-]{subsection.451.1}{xNC}{section.451}% 902
\BOOKMARK [1][-]{section.452}{nævning}{}% 903
\BOOKMARK [2][-]{subsection.452.1}{xNC}{section.452}% 904
\BOOKMARK [1][-]{section.453}{nøghe}{}% 905
\BOOKMARK [2][-]{subsection.453.1}{xNC}{section.453}% 906
\BOOKMARK [1][-]{section.454}{nøth}{}% 907
\BOOKMARK [2][-]{subsection.454.1}{xNC}{section.454}% 908
\BOOKMARK [1][-]{section.455}{nøththurft}{}% 909
\BOOKMARK [2][-]{subsection.455.1}{xNC}{section.455}% 910
\BOOKMARK [1][-]{section.456}{ondskap}{}% 911
\BOOKMARK [2][-]{subsection.456.1}{xNC}{section.456}% 912
\BOOKMARK [1][-]{section.457}{ornament}{}% 913
\BOOKMARK [2][-]{subsection.457.1}{xNC}{section.457}% 914
\BOOKMARK [1][-]{section.458}{orsak}{}% 915
\BOOKMARK [2][-]{subsection.458.1}{xNC}{section.458}% 916
\BOOKMARK [1][-]{section.459}{orth}{}% 917
\BOOKMARK [2][-]{subsection.459.1}{xNC}{section.459}% 918
\BOOKMARK [1][-]{section.460}{othensdagh}{}% 919
\BOOKMARK [2][-]{subsection.460.1}{xNC}{section.460}% 920
\BOOKMARK [1][-]{section.461}{palmarum}{}% 921
\BOOKMARK [2][-]{subsection.461.1}{xNC}{section.461}% 922
\BOOKMARK [1][-]{section.462}{pant}{}% 923
\BOOKMARK [2][-]{subsection.462.1}{xNC}{section.462}% 924
\BOOKMARK [1][-]{section.463}{papir}{}% 925
\BOOKMARK [2][-]{subsection.463.1}{xNC}{section.463}% 926
\BOOKMARK [1][-]{section.464}{paske}{}% 927
\BOOKMARK [2][-]{subsection.464.1}{xNC}{section.464}% 928
\BOOKMARK [1][-]{section.465}{pave}{}% 929
\BOOKMARK [2][-]{subsection.465.1}{xNC}{section.465}% 930
\BOOKMARK [1][-]{section.466}{pension}{}% 931
\BOOKMARK [2][-]{subsection.466.1}{xNC}{section.466}% 932
\BOOKMARK [1][-]{section.467}{pergamentsbrev}{}% 933
\BOOKMARK [2][-]{subsection.467.1}{xNC}{section.467}% 934
\BOOKMARK [1][-]{section.468}{perpetuus}{}% 935
\BOOKMARK [2][-]{subsection.468.1}{xNC}{section.468}% 936
\BOOKMARK [1][-]{section.469}{persone}{}% 937
\BOOKMARK [2][-]{subsection.469.1}{xNC}{section.469}% 938
\BOOKMARK [1][-]{section.470}{pictura}{}% 939
\BOOKMARK [2][-]{subsection.470.1}{xNC}{section.470}% 940
\BOOKMARK [1][-]{section.471}{pine}{}% 941
\BOOKMARK [2][-]{subsection.471.1}{xNC}{section.471}% 942
\BOOKMARK [1][-]{section.472}{pingets}{}% 943
\BOOKMARK [2][-]{subsection.472.1}{xNC}{section.472}% 944
\BOOKMARK [1][-]{section.473}{pingetsdagh}{}% 945
\BOOKMARK [2][-]{subsection.473.1}{xNC}{section.473}% 946
\BOOKMARK [1][-]{section.474}{plats}{}% 947
\BOOKMARK [2][-]{subsection.474.1}{xNC}{section.474}% 948
\BOOKMARK [1][-]{section.475}{plogh}{}% 949
\BOOKMARK [2][-]{subsection.475.1}{xNC}{section.475}% 950
\BOOKMARK [1][-]{section.476}{port}{}% 951
\BOOKMARK [2][-]{subsection.476.1}{xNC}{section.476}% 952
\BOOKMARK [1][-]{section.477}{prelate}{}% 953
\BOOKMARK [2][-]{subsection.477.1}{xNC}{section.477}% 954
\BOOKMARK [1][-]{section.478}{primitiæ}{}% 955
\BOOKMARK [2][-]{subsection.478.1}{xNC}{section.478}% 956
\BOOKMARK [1][-]{section.479}{prior}{}% 957
\BOOKMARK [2][-]{subsection.479.1}{xNC}{section.479}% 958
\BOOKMARK [1][-]{section.480}{priorisse}{}% 959
\BOOKMARK [2][-]{subsection.480.1}{xNC}{section.480}% 960
\BOOKMARK [1][-]{section.481}{privilege}{}% 961
\BOOKMARK [2][-]{subsection.481.1}{xNC}{section.481}% 962
\BOOKMARK [1][-]{section.482}{professor}{}% 963
\BOOKMARK [2][-]{subsection.482.1}{xNC}{section.482}% 964
\BOOKMARK [1][-]{section.483}{profit}{}% 965
\BOOKMARK [2][-]{subsection.483.1}{xNC}{section.483}% 966
\BOOKMARK [1][-]{section.484}{prokuratori}{}% 967
\BOOKMARK [2][-]{subsection.484.1}{xNC}{section.484}% 968
\BOOKMARK [1][-]{section.485}{provest}{}% 969
\BOOKMARK [2][-]{subsection.485.1}{xNC}{section.485}% 970
\BOOKMARK [1][-]{section.486}{præbende}{}% 971
\BOOKMARK [2][-]{subsection.486.1}{xNC}{section.486}% 972
\BOOKMARK [1][-]{section.487}{prædiken}{}% 973
\BOOKMARK [2][-]{subsection.487.1}{xNC}{section.487}% 974
\BOOKMARK [1][-]{section.488}{prælate}{}% 975
\BOOKMARK [2][-]{subsection.488.1}{xNC}{section.488}% 976
\BOOKMARK [1][-]{section.489}{præst}{}% 977
\BOOKMARK [2][-]{subsection.489.1}{xNC}{section.489}% 978
\BOOKMARK [1][-]{section.490}{pund}{}% 979
\BOOKMARK [2][-]{subsection.490.1}{xNC}{section.490}% 980
\BOOKMARK [1][-]{section.491}{punkt}{}% 981
\BOOKMARK [2][-]{subsection.491.1}{xNC}{section.491}% 982
\BOOKMARK [1][-]{section.492}{purificatio}{}% 983
\BOOKMARK [2][-]{subsection.492.1}{xNC}{section.492}% 984
\BOOKMARK [1][-]{section.493}{pæl}{}% 985
\BOOKMARK [2][-]{subsection.493.1}{xNC}{section.493}% 986
\BOOKMARK [1][-]{section.494}{pænning}{}% 987
\BOOKMARK [2][-]{subsection.494.1}{xNC}{section.494}% 988
\BOOKMARK [1][-]{section.495}{pæpling}{}% 989
\BOOKMARK [2][-]{subsection.495.1}{xNC}{section.495}% 990
\BOOKMARK [1][-]{section.496}{rath}{}% 991
\BOOKMARK [2][-]{subsection.496.1}{xNC}{section.496}% 992
\BOOKMARK [1][-]{section.497}{rathman}{}% 993
\BOOKMARK [2][-]{subsection.497.1}{xNC}{section.497}% 994
\BOOKMARK [1][-]{section.498}{rektor}{}% 995
\BOOKMARK [2][-]{subsection.498.1}{xNC}{section.498}% 996
\BOOKMARK [1][-]{section.499}{rep}{}% 997
\BOOKMARK [2][-]{subsection.499.1}{xNC}{section.499}% 998
\BOOKMARK [1][-]{section.500}{residents}{}% 999
\BOOKMARK [2][-]{subsection.500.1}{xNC}{section.500}% 1000
\BOOKMARK [1][-]{section.501}{rethe}{}% 1001
\BOOKMARK [2][-]{subsection.501.1}{xNC}{section.501}% 1002
\BOOKMARK [1][-]{section.502}{rethskap}{}% 1003
\BOOKMARK [2][-]{subsection.502.1}{xNC}{section.502}% 1004
\BOOKMARK [1][-]{section.503}{rethsle}{}% 1005
\BOOKMARK [2][-]{subsection.503.1}{xNC}{section.503}% 1006
\BOOKMARK [1][-]{section.504}{rettigheet}{}% 1007
\BOOKMARK [2][-]{subsection.504.1}{xNC}{section.504}% 1008
\BOOKMARK [1][-]{section.505}{riddere}{}% 1009
\BOOKMARK [2][-]{subsection.505.1}{xNC}{section.505}% 1010
\BOOKMARK [1][-]{section.506}{ridderemansman}{}% 1011
\BOOKMARK [2][-]{subsection.506.1}{xNC}{section.506}% 1012
\BOOKMARK [1][-]{section.507}{rike}{}% 1013
\BOOKMARK [2][-]{subsection.507.1}{xNC}{section.507}% 1014
\BOOKMARK [1][-]{section.508}{ris}{}% 1015
\BOOKMARK [2][-]{subsection.508.1}{xNC}{section.508}% 1016
\BOOKMARK [1][-]{section.509}{rithefoghet}{}% 1017
\BOOKMARK [2][-]{subsection.509.1}{xNC}{section.509}% 1018
\BOOKMARK [1][-]{section.510}{ro}{}% 1019
\BOOKMARK [2][-]{subsection.510.1}{xNC}{section.510}% 1020
\BOOKMARK [1][-]{section.511}{rug}{}% 1021
\BOOKMARK [2][-]{subsection.511.1}{xNC}{section.511}% 1022
\BOOKMARK [1][-]{section.512}{rugh}{}% 1023
\BOOKMARK [2][-]{subsection.512.1}{xNC}{section.512}% 1024
\BOOKMARK [1][-]{section.513}{rum}{}% 1025
\BOOKMARK [2][-]{subsection.513.1}{xNC}{section.513}% 1026
\BOOKMARK [1][-]{section.514}{rænne}{}% 1027
\BOOKMARK [2][-]{subsection.514.1}{xNC}{section.514}% 1028
\BOOKMARK [1][-]{section.515}{rænte}{}% 1029
\BOOKMARK [2][-]{subsection.515.1}{xNC}{section.515}% 1030
\BOOKMARK [1][-]{section.516}{ræt}{}% 1031
\BOOKMARK [2][-]{subsection.516.1}{xNC}{section.516}% 1032
\BOOKMARK [1][-]{section.517}{ræt+gang}{}% 1033
\BOOKMARK [2][-]{subsection.517.1}{xNC}{section.517}% 1034
\BOOKMARK [1][-]{section.518}{rætgang}{}% 1035
\BOOKMARK [2][-]{subsection.518.1}{xNC}{section.518}% 1036
\BOOKMARK [1][-]{section.519}{rætterthing}{}% 1037
\BOOKMARK [2][-]{subsection.519.1}{xNC}{section.519}% 1038
\BOOKMARK [1][-]{section.520}{rættighhet}{}% 1039
\BOOKMARK [2][-]{subsection.520.1}{xNC}{section.520}% 1040
\BOOKMARK [1][-]{section.521}{røst}{}% 1041
\BOOKMARK [2][-]{subsection.521.1}{xNC}{section.521}% 1042
\BOOKMARK [1][-]{section.522}{sak}{}% 1043
\BOOKMARK [2][-]{subsection.522.1}{xNC}{section.522}% 1044
\BOOKMARK [1][-]{section.523}{sakefal}{}% 1045
\BOOKMARK [2][-]{subsection.523.1}{xNC}{section.523}% 1046
\BOOKMARK [1][-]{section.524}{sakristi}{}% 1047
\BOOKMARK [2][-]{subsection.524.1}{xNC}{section.524}% 1048
\BOOKMARK [1][-]{section.525}{salighhet}{}% 1049
\BOOKMARK [2][-]{subsection.525.1}{xNC}{section.525}% 1050
\BOOKMARK [1][-]{section.526}{saltmat}{}% 1051
\BOOKMARK [2][-]{subsection.526.1}{xNC}{section.526}% 1052
\BOOKMARK [1][-]{section.527}{same+stath}{}% 1053
\BOOKMARK [2][-]{subsection.527.1}{xNC}{section.527}% 1054
\BOOKMARK [1][-]{section.528}{samfrænde}{}% 1055
\BOOKMARK [2][-]{subsection.528.1}{xNC}{section.528}% 1056
\BOOKMARK [1][-]{section.529}{samning}{}% 1057
\BOOKMARK [2][-]{subsection.529.1}{xNC}{section.529}% 1058
\BOOKMARK [1][-]{section.530}{samthykke}{}% 1059
\BOOKMARK [2][-]{subsection.530.1}{xNC}{section.530}% 1060
\BOOKMARK [1][-]{section.531}{samtykke}{}% 1061
\BOOKMARK [2][-]{subsection.531.1}{xNC}{section.531}% 1062
\BOOKMARK [1][-]{section.532}{san}{}% 1063
\BOOKMARK [2][-]{subsection.532.1}{xNC}{section.532}% 1064
\BOOKMARK [1][-]{section.533}{sand+bæk}{}% 1065
\BOOKMARK [2][-]{subsection.533.1}{xNC}{section.533}% 1066
\BOOKMARK [1][-]{section.534}{sang}{}% 1067
\BOOKMARK [2][-]{subsection.534.1}{xNC}{section.534}% 1068
\BOOKMARK [1][-]{section.535}{sanhet}{}% 1069
\BOOKMARK [2][-]{subsection.535.1}{xNC}{section.535}% 1070
\BOOKMARK [1][-]{section.536}{santke}{}% 1071
\BOOKMARK [2][-]{subsection.536.1}{xNC}{section.536}% 1072
\BOOKMARK [1][-]{section.537}{sedel}{}% 1073
\BOOKMARK [2][-]{subsection.537.1}{xNC}{section.537}% 1074
\BOOKMARK [1][-]{section.538}{sekret}{}% 1075
\BOOKMARK [2][-]{subsection.538.1}{xNC}{section.538}% 1076
\BOOKMARK [1][-]{section.539}{september}{}% 1077
\BOOKMARK [2][-]{subsection.539.1}{xNC}{section.539}% 1078
\BOOKMARK [1][-]{section.540}{signet}{}% 1079
\BOOKMARK [2][-]{subsection.540.1}{xNC}{section.540}% 1080
\BOOKMARK [1][-]{section.541}{sild}{}% 1081
\BOOKMARK [2][-]{subsection.541.1}{xNC}{section.541}% 1082
\BOOKMARK [1][-]{section.542}{silv}{}% 1083
\BOOKMARK [2][-]{subsection.542.1}{xNC}{section.542}% 1084
\BOOKMARK [1][-]{section.543}{silvnap}{}% 1085
\BOOKMARK [2][-]{subsection.543.1}{xNC}{section.543}% 1086
\BOOKMARK [1][-]{section.544}{silvskal}{}% 1087
\BOOKMARK [2][-]{subsection.544.1}{xNC}{section.544}% 1088
\BOOKMARK [1][-]{section.545}{silvstop}{}% 1089
\BOOKMARK [2][-]{subsection.545.1}{xNC}{section.545}% 1090
\BOOKMARK [1][-]{section.546}{sin}{}% 1091
\BOOKMARK [2][-]{subsection.546.1}{xNC}{section.546}% 1092
\BOOKMARK [1][-]{section.547}{sinne}{}% 1093
\BOOKMARK [2][-]{subsection.547.1}{xNC}{section.547}% 1094
\BOOKMARK [1][-]{section.548}{sithe}{}% 1095
\BOOKMARK [2][-]{subsection.548.1}{xNC}{section.548}% 1096
\BOOKMARK [1][-]{section.549}{sjal}{}% 1097
\BOOKMARK [2][-]{subsection.549.1}{xNC}{section.549}% 1098
\BOOKMARK [1][-]{section.550}{sjalandsfar}{}% 1099
\BOOKMARK [2][-]{subsection.550.1}{xNC}{section.550}% 1100
\BOOKMARK [1][-]{section.551}{sjalebath}{}% 1101
\BOOKMARK [2][-]{subsection.551.1}{xNC}{section.551}% 1102
\BOOKMARK [1][-]{section.552}{sjalethurft}{}% 1103
\BOOKMARK [2][-]{subsection.552.1}{xNC}{section.552}% 1104
\BOOKMARK [1][-]{section.553}{sjo}{}% 1105
\BOOKMARK [2][-]{subsection.553.1}{xNC}{section.553}% 1106
\BOOKMARK [1][-]{section.554}{sjovang}{}% 1107
\BOOKMARK [2][-]{subsection.554.1}{xNC}{section.554}% 1108
\BOOKMARK [1][-]{section.555}{sjukdom}{}% 1109
\BOOKMARK [2][-]{subsection.555.1}{xNC}{section.555}% 1110
\BOOKMARK [1][-]{section.556}{skall}{}% 1111
\BOOKMARK [2][-]{subsection.556.1}{xNC}{section.556}% 1112
\BOOKMARK [1][-]{section.557}{skat}{}% 1113
\BOOKMARK [2][-]{subsection.557.1}{xNC}{section.557}% 1114
\BOOKMARK [1][-]{section.558}{skathe}{}% 1115
\BOOKMARK [2][-]{subsection.558.1}{xNC}{section.558}% 1116
\BOOKMARK [1][-]{section.559}{skattegarth}{}% 1117
\BOOKMARK [2][-]{subsection.559.1}{xNC}{section.559}% 1118
\BOOKMARK [1][-]{section.560}{sketh}{}% 1119
\BOOKMARK [2][-]{subsection.560.1}{xNC}{section.560}% 1120
\BOOKMARK [1][-]{section.561}{skiffthe}{}% 1121
\BOOKMARK [2][-]{subsection.561.1}{xNC}{section.561}% 1122
\BOOKMARK [1][-]{section.562}{skifte}{}% 1123
\BOOKMARK [2][-]{subsection.562.1}{xNC}{section.562}% 1124
\BOOKMARK [1][-]{section.563}{skik}{}% 1125
\BOOKMARK [2][-]{subsection.563.1}{xNC}{section.563}% 1126
\BOOKMARK [1][-]{section.564}{skikkelse}{}% 1127
\BOOKMARK [2][-]{subsection.564.1}{xNC}{section.564}% 1128
\BOOKMARK [1][-]{section.565}{skilling}{}% 1129
\BOOKMARK [2][-]{subsection.565.1}{xNC}{section.565}% 1130
\BOOKMARK [1][-]{section.566}{skip}{}% 1131
\BOOKMARK [2][-]{subsection.566.1}{xNC}{section.566}% 1132
\BOOKMARK [1][-]{section.567}{skipere}{}% 1133
\BOOKMARK [2][-]{subsection.567.1}{xNC}{section.567}% 1134
\BOOKMARK [1][-]{section.568}{skive}{}% 1135
\BOOKMARK [2][-]{subsection.568.1}{xNC}{section.568}% 1136
\BOOKMARK [1][-]{section.569}{skjal}{}% 1137
\BOOKMARK [2][-]{subsection.569.1}{xNC}{section.569}% 1138
\BOOKMARK [1][-]{section.570}{skjal+bok}{}% 1139
\BOOKMARK [2][-]{subsection.570.1}{xNC}{section.570}% 1140
\BOOKMARK [1][-]{section.571}{skjal+bæk}{}% 1141
\BOOKMARK [2][-]{subsection.571.1}{xNC}{section.571}% 1142
\BOOKMARK [1][-]{section.572}{skogh}{}% 1143
\BOOKMARK [2][-]{subsection.572.1}{xNC}{section.572}% 1144
\BOOKMARK [1][-]{section.573}{skoghhog}{}% 1145
\BOOKMARK [2][-]{subsection.573.1}{xNC}{section.573}% 1146
\BOOKMARK [1][-]{section.574}{skoghslot}{}% 1147
\BOOKMARK [2][-]{subsection.574.1}{xNC}{section.574}% 1148
\BOOKMARK [1][-]{section.575}{skutsmal}{}% 1149
\BOOKMARK [2][-]{subsection.575.1}{xNC}{section.575}% 1150
\BOOKMARK [1][-]{section.576}{skyld}{}% 1151
\BOOKMARK [2][-]{subsection.576.1}{xNC}{section.576}% 1152
\BOOKMARK [1][-]{section.577}{skæl}{}% 1153
\BOOKMARK [2][-]{subsection.577.1}{xNC}{section.577}% 1154
\BOOKMARK [1][-]{section.578}{skæppe}{}% 1155
\BOOKMARK [2][-]{subsection.578.1}{xNC}{section.578}% 1156
\BOOKMARK [1][-]{section.579}{skær}{}% 1157
\BOOKMARK [2][-]{subsection.579.1}{xNC}{section.579}% 1158
\BOOKMARK [1][-]{section.580}{skøte}{}% 1159
\BOOKMARK [2][-]{subsection.580.1}{xNC}{section.580}% 1160
\BOOKMARK [1][-]{section.581}{slagh}{}% 1161
\BOOKMARK [2][-]{subsection.581.1}{xNC}{section.581}% 1162
\BOOKMARK [1][-]{section.582}{slot}{}% 1163
\BOOKMARK [2][-]{subsection.582.1}{xNC}{section.582}% 1164
\BOOKMARK [1][-]{section.583}{slætte}{}% 1165
\BOOKMARK [2][-]{subsection.583.1}{xNC}{section.583}% 1166
\BOOKMARK [1][-]{section.584}{smarethsle}{}% 1167
\BOOKMARK [2][-]{subsection.584.1}{xNC}{section.584}% 1168
\BOOKMARK [1][-]{section.585}{smathing}{}% 1169
\BOOKMARK [2][-]{subsection.585.1}{xNC}{section.585}% 1170
\BOOKMARK [1][-]{section.586}{smør}{}% 1171
\BOOKMARK [2][-]{subsection.586.1}{xNC}{section.586}% 1172
\BOOKMARK [1][-]{section.587}{sokn}{}% 1173
\BOOKMARK [2][-]{subsection.587.1}{xNC}{section.587}% 1174
\BOOKMARK [1][-]{section.588}{soknepræst}{}% 1175
\BOOKMARK [2][-]{subsection.588.1}{xNC}{section.588}% 1176
\BOOKMARK [1][-]{section.589}{sot}{}% 1177
\BOOKMARK [2][-]{subsection.589.1}{xNC}{section.589}% 1178
\BOOKMARK [1][-]{section.590}{stat}{}% 1179
\BOOKMARK [2][-]{subsection.590.1}{xNC}{section.590}% 1180
\BOOKMARK [1][-]{section.591}{stath}{}% 1181
\BOOKMARK [2][-]{subsection.591.1}{xNC}{section.591}% 1182
\BOOKMARK [1][-]{section.592}{stathfæste}{}% 1183
\BOOKMARK [2][-]{subsection.592.1}{xNC}{section.592}% 1184
\BOOKMARK [1][-]{section.593}{stathfæstelse}{}% 1185
\BOOKMARK [2][-]{subsection.593.1}{xNC}{section.593}% 1186
\BOOKMARK [1][-]{section.594}{stathsmal}{}% 1187
\BOOKMARK [2][-]{subsection.594.1}{xNC}{section.594}% 1188
\BOOKMARK [1][-]{section.595}{statut}{}% 1189
\BOOKMARK [2][-]{subsection.595.1}{xNC}{section.595}% 1190
\BOOKMARK [1][-]{section.596}{stavre}{}% 1191
\BOOKMARK [2][-]{subsection.596.1}{xNC}{section.596}% 1192
\BOOKMARK [1][-]{section.597}{sten}{}% 1193
\BOOKMARK [2][-]{subsection.597.1}{xNC}{section.597}% 1194
\BOOKMARK [1][-]{section.598}{stenhus}{}% 1195
\BOOKMARK [2][-]{subsection.598.1}{xNC}{section.598}% 1196
\BOOKMARK [1][-]{section.599}{stenhusgarth}{}% 1197
\BOOKMARK [2][-]{subsection.599.1}{xNC}{section.599}% 1198
\BOOKMARK [1][-]{section.600}{stenrykel}{}% 1199
\BOOKMARK [2][-]{subsection.600.1}{xNC}{section.600}% 1200
\BOOKMARK [1][-]{section.601}{stok}{}% 1201
\BOOKMARK [2][-]{subsection.601.1}{xNC}{section.601}% 1202
\BOOKMARK [1][-]{section.602}{stop}{}% 1203
\BOOKMARK [2][-]{subsection.602.1}{xNC}{section.602}% 1204
\BOOKMARK [1][-]{section.603}{strand}{}% 1205
\BOOKMARK [2][-]{subsection.603.1}{xNC}{section.603}% 1206
\BOOKMARK [1][-]{section.604}{stræte}{}% 1207
\BOOKMARK [2][-]{subsection.604.1}{xNC}{section.604}% 1208
\BOOKMARK [1][-]{section.605}{stue}{}% 1209
\BOOKMARK [2][-]{subsection.605.1}{xNC}{section.605}% 1210
\BOOKMARK [1][-]{section.606}{stund}{}% 1211
\BOOKMARK [2][-]{subsection.606.1}{xNC}{section.606}% 1212
\BOOKMARK [1][-]{section.607}{stuve}{}% 1213
\BOOKMARK [2][-]{subsection.607.1}{xNC}{section.607}% 1214
\BOOKMARK [1][-]{section.608}{stykke}{}% 1215
\BOOKMARK [2][-]{subsection.608.1}{xNC}{section.608}% 1216
\BOOKMARK [1][-]{section.609}{stæth}{}% 1217
\BOOKMARK [2][-]{subsection.609.1}{xNC}{section.609}% 1218
\BOOKMARK [1][-]{section.610}{stætte}{}% 1219
\BOOKMARK [2][-]{subsection.610.1}{xNC}{section.610}% 1220
\BOOKMARK [1][-]{section.611}{subsidium}{}% 1221
\BOOKMARK [2][-]{subsection.611.1}{xNC}{section.611}% 1222
\BOOKMARK [1][-]{section.612}{sun}{}% 1223
\BOOKMARK [2][-]{subsection.612.1}{xNC}{section.612}% 1224
\BOOKMARK [1][-]{section.613}{sundagh}{}% 1225
\BOOKMARK [2][-]{subsection.613.1}{xNC}{section.613}% 1226
\BOOKMARK [1][-]{section.614}{sunner}{}% 1227
\BOOKMARK [2][-]{subsection.614.1}{xNC}{section.614}% 1228
\BOOKMARK [1][-]{section.615}{svagher}{}% 1229
\BOOKMARK [2][-]{subsection.615.1}{xNC}{section.615}% 1230
\BOOKMARK [1][-]{section.616}{sven}{}% 1231
\BOOKMARK [2][-]{subsection.616.1}{xNC}{section.616}% 1232
\BOOKMARK [1][-]{section.617}{svin}{}% 1233
\BOOKMARK [2][-]{subsection.617.1}{xNC}{section.617}% 1234
\BOOKMARK [1][-]{section.618}{synderlik+-het}{}% 1235
\BOOKMARK [2][-]{subsection.618.1}{xNC}{section.618}% 1236
\BOOKMARK [1][-]{section.619}{synderlikhet}{}% 1237
\BOOKMARK [2][-]{subsection.619.1}{xNC}{section.619}% 1238
\BOOKMARK [1][-]{section.620}{syster}{}% 1239
\BOOKMARK [2][-]{subsection.620.1}{xNC}{section.620}% 1240
\BOOKMARK [1][-]{section.621}{systerdotter}{}% 1241
\BOOKMARK [2][-]{subsection.621.1}{xNC}{section.621}% 1242
\BOOKMARK [1][-]{section.622}{systken}{}% 1243
\BOOKMARK [2][-]{subsection.622.1}{xNC}{section.622}% 1244
\BOOKMARK [1][-]{section.623}{syter}{}% 1245
\BOOKMARK [2][-]{subsection.623.1}{xNC}{section.623}% 1246
\BOOKMARK [1][-]{section.624}{sæghjelse}{}% 1247
\BOOKMARK [2][-]{subsection.624.1}{xNC}{section.624}% 1248
\BOOKMARK [1][-]{section.625}{sæte}{}% 1249
\BOOKMARK [2][-]{subsection.625.1}{xNC}{section.625}% 1250
\BOOKMARK [1][-]{section.626}{tale}{}% 1251
\BOOKMARK [2][-]{subsection.626.1}{xNC}{section.626}% 1252
\BOOKMARK [1][-]{section.627}{tamperothensdagh}{}% 1253
\BOOKMARK [2][-]{subsection.627.1}{xNC}{section.627}% 1254
\BOOKMARK [1][-]{section.628}{thak}{}% 1255
\BOOKMARK [2][-]{subsection.628.1}{xNC}{section.628}% 1256
\BOOKMARK [1][-]{section.629}{thakker}{}% 1257
\BOOKMARK [2][-]{subsection.629.1}{xNC}{section.629}% 1258
\BOOKMARK [1][-]{section.630}{thing}{}% 1259
\BOOKMARK [2][-]{subsection.630.1}{xNC}{section.630}% 1260
\BOOKMARK [1][-]{section.631}{thing+hærre}{}% 1261
\BOOKMARK [2][-]{subsection.631.1}{xNC}{section.631}% 1262
\BOOKMARK [1][-]{section.632}{thingbænk}{}% 1263
\BOOKMARK [2][-]{subsection.632.1}{xNC}{section.632}% 1264
\BOOKMARK [1][-]{section.633}{thingfoghet}{}% 1265
\BOOKMARK [2][-]{subsection.633.1}{xNC}{section.633}% 1266
\BOOKMARK [1][-]{section.634}{thingman}{}% 1267
\BOOKMARK [2][-]{subsection.634.1}{xNC}{section.634}% 1268
\BOOKMARK [1][-]{section.635}{thingstok}{}% 1269
\BOOKMARK [2][-]{subsection.635.1}{xNC}{section.635}% 1270
\BOOKMARK [1][-]{section.636}{thingsvitne}{}% 1271
\BOOKMARK [2][-]{subsection.636.1}{xNC}{section.636}% 1272
\BOOKMARK [1][-]{section.637}{thingsvitnebrev}{}% 1273
\BOOKMARK [2][-]{subsection.637.1}{xNC}{section.637}% 1274
\BOOKMARK [1][-]{section.638}{thith}{}% 1275
\BOOKMARK [2][-]{subsection.638.1}{xNC}{section.638}% 1276
\BOOKMARK [1][-]{section.639}{thjanere}{}% 1277
\BOOKMARK [2][-]{subsection.639.1}{xNC}{section.639}% 1278
\BOOKMARK [1][-]{section.640}{thjaneste}{}% 1279
\BOOKMARK [2][-]{subsection.640.1}{xNC}{section.640}% 1280
\BOOKMARK [1][-]{section.641}{thorsdagh}{}% 1281
\BOOKMARK [2][-]{subsection.641.1}{xNC}{section.641}% 1282
\BOOKMARK [1][-]{section.642}{thrang}{}% 1283
\BOOKMARK [2][-]{subsection.642.1}{xNC}{section.642}% 1284
\BOOKMARK [1][-]{section.643}{thri+kunung}{}% 1285
\BOOKMARK [2][-]{subsection.643.1}{xNC}{section.643}% 1286
\BOOKMARK [1][-]{section.644}{thrifaldelikhet}{}% 1287
\BOOKMARK [2][-]{subsection.644.1}{xNC}{section.644}% 1288
\BOOKMARK [1][-]{section.645}{thrifaldighhet}{}% 1289
\BOOKMARK [2][-]{subsection.645.1}{xNC}{section.645}% 1290
\BOOKMARK [1][-]{section.646}{thrætte}{}% 1291
\BOOKMARK [2][-]{subsection.646.1}{xNC}{section.646}% 1292
\BOOKMARK [1][-]{section.647}{thykke}{}% 1293
\BOOKMARK [2][-]{subsection.647.1}{xNC}{section.647}% 1294
\BOOKMARK [1][-]{section.648}{thynge}{}% 1295
\BOOKMARK [2][-]{subsection.648.1}{xNC}{section.648}% 1296
\BOOKMARK [1][-]{section.649}{thæghnskap}{}% 1297
\BOOKMARK [2][-]{subsection.649.1}{xNC}{section.649}% 1298
\BOOKMARK [1][-]{section.650}{tiende}{}% 1299
\BOOKMARK [2][-]{subsection.650.1}{xNC}{section.650}% 1300
\BOOKMARK [1][-]{section.651}{til+del}{}% 1301
\BOOKMARK [2][-]{subsection.651.1}{xNC}{section.651}% 1302
\BOOKMARK [1][-]{section.652}{til+stath}{}% 1303
\BOOKMARK [2][-]{subsection.652.1}{xNC}{section.652}% 1304
\BOOKMARK [1][-]{section.653}{til+strith}{}% 1305
\BOOKMARK [2][-]{subsection.653.1}{xNC}{section.653}% 1306
\BOOKMARK [1][-]{section.654}{tilbuth}{}% 1307
\BOOKMARK [2][-]{subsection.654.1}{xNC}{section.654}% 1308
\BOOKMARK [1][-]{section.655}{tilgang}{}% 1309
\BOOKMARK [2][-]{subsection.655.1}{xNC}{section.655}% 1310
\BOOKMARK [1][-]{section.656}{tilhøre}{}% 1311
\BOOKMARK [2][-]{subsection.656.1}{xNC}{section.656}% 1312
\BOOKMARK [1][-]{section.657}{tilhørelse}{}% 1313
\BOOKMARK [2][-]{subsection.657.1}{xNC}{section.657}% 1314
\BOOKMARK [1][-]{section.658}{tilhøring}{}% 1315
\BOOKMARK [2][-]{subsection.658.1}{xNC}{section.658}% 1316
\BOOKMARK [1][-]{section.659}{tillagh}{}% 1317
\BOOKMARK [2][-]{subsection.659.1}{xNC}{section.659}% 1318
\BOOKMARK [1][-]{section.660}{tilligjelse}{}% 1319
\BOOKMARK [2][-]{subsection.660.1}{xNC}{section.660}% 1320
\BOOKMARK [1][-]{section.661}{tillægjelse}{}% 1321
\BOOKMARK [2][-]{subsection.661.1}{xNC}{section.661}% 1322
\BOOKMARK [1][-]{section.662}{tilsjun}{}% 1323
\BOOKMARK [2][-]{subsection.662.1}{xNC}{section.662}% 1324
\BOOKMARK [1][-]{section.663}{tiltal}{}% 1325
\BOOKMARK [2][-]{subsection.663.1}{xNC}{section.663}% 1326
\BOOKMARK [1][-]{section.664}{tiltale}{}% 1327
\BOOKMARK [2][-]{subsection.664.1}{xNC}{section.664}% 1328
\BOOKMARK [1][-]{section.665}{timbere}{}% 1329
\BOOKMARK [2][-]{subsection.665.1}{xNC}{section.665}% 1330
\BOOKMARK [1][-]{section.666}{time}{}% 1331
\BOOKMARK [2][-]{subsection.666.1}{xNC}{section.666}% 1332
\BOOKMARK [1][-]{section.667}{tisdagh}{}% 1333
\BOOKMARK [2][-]{subsection.667.1}{xNC}{section.667}% 1334
\BOOKMARK [1][-]{section.668}{tith}{}% 1335
\BOOKMARK [2][-]{subsection.668.1}{xNC}{section.668}% 1336
\BOOKMARK [1][-]{section.669}{torgh+gate}{}% 1337
\BOOKMARK [2][-]{subsection.669.1}{xNC}{section.669}% 1338
\BOOKMARK [1][-]{section.670}{torn}{}% 1339
\BOOKMARK [2][-]{subsection.670.1}{xNC}{section.670}% 1340
\BOOKMARK [1][-]{section.671}{tro}{}% 1341
\BOOKMARK [2][-]{subsection.671.1}{xNC}{section.671}% 1342
\BOOKMARK [1][-]{section.672}{troskap}{}% 1343
\BOOKMARK [2][-]{subsection.672.1}{xNC}{section.672}% 1344
\BOOKMARK [1][-]{section.673}{tunne}{}% 1345
\BOOKMARK [2][-]{subsection.673.1}{xNC}{section.673}% 1346
\BOOKMARK [1][-]{section.674}{tæring}{}% 1347
\BOOKMARK [2][-]{subsection.674.1}{xNC}{section.674}% 1348
\BOOKMARK [1][-]{section.675}{tøvring}{}% 1349
\BOOKMARK [2][-]{subsection.675.1}{xNC}{section.675}% 1350
\BOOKMARK [1][-]{section.676}{ughe}{}% 1351
\BOOKMARK [2][-]{subsection.676.1}{xNC}{section.676}% 1352
\BOOKMARK [1][-]{section.677}{uke}{}% 1353
\BOOKMARK [2][-]{subsection.677.1}{xNC}{section.677}% 1354
\BOOKMARK [1][-]{section.678}{umake}{}% 1355
\BOOKMARK [2][-]{subsection.678.1}{xNC}{section.678}% 1356
\BOOKMARK [1][-]{section.679}{undersate}{}% 1357
\BOOKMARK [2][-]{subsection.679.1}{xNC}{section.679}% 1358
\BOOKMARK [1][-]{section.680}{universitet}{}% 1359
\BOOKMARK [2][-]{subsection.680.1}{xNC}{section.680}% 1360
\BOOKMARK [1][-]{section.681}{upfarelse}{}% 1361
\BOOKMARK [2][-]{subsection.681.1}{xNC}{section.681}% 1362
\BOOKMARK [1][-]{section.682}{uphælde}{}% 1363
\BOOKMARK [2][-]{subsection.682.1}{xNC}{section.682}% 1364
\BOOKMARK [1][-]{section.683}{upresning}{}% 1365
\BOOKMARK [2][-]{subsection.683.1}{xNC}{section.683}% 1366
\BOOKMARK [1][-]{section.684}{urtegarth}{}% 1367
\BOOKMARK [2][-]{subsection.684.1}{xNC}{section.684}% 1368
\BOOKMARK [1][-]{section.685}{uræt}{}% 1369
\BOOKMARK [2][-]{subsection.685.1}{xNC}{section.685}% 1370
\BOOKMARK [1][-]{section.686}{utga}{}% 1371
\BOOKMARK [2][-]{subsection.686.1}{xNC}{section.686}% 1372
\BOOKMARK [1][-]{section.687}{vanhemel}{}% 1373
\BOOKMARK [2][-]{subsection.687.1}{xNC}{section.687}% 1374
\BOOKMARK [1][-]{section.688}{vanskelse}{}% 1375
\BOOKMARK [2][-]{subsection.688.1}{xNC}{section.688}% 1376
\BOOKMARK [1][-]{section.689}{var}{}% 1377
\BOOKMARK [2][-]{subsection.689.1}{xNC}{section.689}% 1378
\BOOKMARK [1][-]{section.690}{vare}{}% 1379
\BOOKMARK [2][-]{subsection.690.1}{xNC}{section.690}% 1380
\BOOKMARK [1][-]{section.691}{varthneth}{}% 1381
\BOOKMARK [2][-]{subsection.691.1}{xNC}{section.691}% 1382
\BOOKMARK [1][-]{section.692}{vatnmylne}{}% 1383
\BOOKMARK [2][-]{subsection.692.1}{xNC}{section.692}% 1384
\BOOKMARK [1][-]{section.693}{versikel}{}% 1385
\BOOKMARK [2][-]{subsection.693.1}{xNC}{section.693}% 1386
\BOOKMARK [1][-]{section.694}{vicaris}{}% 1387
\BOOKMARK [2][-]{subsection.694.1}{xNC}{section.694}% 1388
\BOOKMARK [1][-]{section.695}{vicarius}{}% 1389
\BOOKMARK [2][-]{subsection.695.1}{xNC}{section.695}% 1390
\BOOKMARK [1][-]{section.696}{vigilie}{}% 1391
\BOOKMARK [2][-]{subsection.696.1}{xNC}{section.696}% 1392
\BOOKMARK [1][-]{section.697}{vikari}{}% 1393
\BOOKMARK [2][-]{subsection.697.1}{xNC}{section.697}% 1394
\BOOKMARK [1][-]{section.698}{vikarie}{}% 1395
\BOOKMARK [2][-]{subsection.698.1}{xNC}{section.698}% 1396
\BOOKMARK [1][-]{section.699}{vikarius}{}% 1397
\BOOKMARK [2][-]{subsection.699.1}{xNC}{section.699}% 1398
\BOOKMARK [1][-]{section.700}{vilje}{}% 1399
\BOOKMARK [2][-]{subsection.700.1}{xNC}{section.700}% 1400
\BOOKMARK [1][-]{section.701}{vilkor}{}% 1401
\BOOKMARK [2][-]{subsection.701.1}{xNC}{section.701}% 1402
\BOOKMARK [1][-]{section.702}{vin}{}% 1403
\BOOKMARK [2][-]{subsection.702.1}{xNC}{section.702}% 1404
\BOOKMARK [1][-]{section.703}{vind}{}% 1405
\BOOKMARK [2][-]{subsection.703.1}{xNC}{section.703}% 1406
\BOOKMARK [1][-]{section.704}{vishet}{}% 1407
\BOOKMARK [2][-]{subsection.704.1}{xNC}{section.704}% 1408
\BOOKMARK [1][-]{section.705}{visning}{}% 1409
\BOOKMARK [2][-]{subsection.705.1}{xNC}{section.705}% 1410
\BOOKMARK [1][-]{section.706}{visse}{}% 1411
\BOOKMARK [2][-]{subsection.706.1}{xNC}{section.706}% 1412
\BOOKMARK [1][-]{section.707}{vissen}{}% 1413
\BOOKMARK [2][-]{subsection.707.1}{xNC}{section.707}% 1414
\BOOKMARK [1][-]{section.708}{vitende}{}% 1415
\BOOKMARK [2][-]{subsection.708.1}{xNC}{section.708}% 1416
\BOOKMARK [1][-]{section.709}{viterlikhet}{}% 1417
\BOOKMARK [2][-]{subsection.709.1}{xNC}{section.709}% 1418
\BOOKMARK [1][-]{section.710}{vith}{}% 1419
\BOOKMARK [2][-]{subsection.710.1}{xNC}{section.710}% 1420
\BOOKMARK [1][-]{section.711}{vither+thrykje}{}% 1421
\BOOKMARK [2][-]{subsection.711.1}{xNC}{section.711}% 1422
\BOOKMARK [1][-]{section.712}{vitherlagh}{}% 1423
\BOOKMARK [2][-]{subsection.712.1}{xNC}{section.712}% 1424
\BOOKMARK [1][-]{section.713}{vitne}{}% 1425
\BOOKMARK [2][-]{subsection.713.1}{xNC}{section.713}% 1426
\BOOKMARK [1][-]{section.714}{vitnebrev}{}% 1427
\BOOKMARK [2][-]{subsection.714.1}{xNC}{section.714}% 1428
\BOOKMARK [1][-]{section.715}{vitnesbyrth}{}% 1429
\BOOKMARK [2][-]{subsection.715.1}{xNC}{section.715}% 1430
\BOOKMARK [1][-]{section.716}{vitskap}{}% 1431
\BOOKMARK [2][-]{subsection.716.1}{xNC}{section.716}% 1432
\BOOKMARK [1][-]{section.717}{vrethe}{}% 1433
\BOOKMARK [2][-]{subsection.717.1}{xNC}{section.717}% 1434
\BOOKMARK [1][-]{section.718}{vægh}{}% 1435
\BOOKMARK [2][-]{subsection.718.1}{xNC}{section.718}% 1436
\BOOKMARK [1][-]{section.719}{vælfart}{}% 1437
\BOOKMARK [2][-]{subsection.719.1}{xNC}{section.719}% 1438
\BOOKMARK [1][-]{section.720}{vælmakt}{}% 1439
\BOOKMARK [2][-]{subsection.720.1}{xNC}{section.720}% 1440
\BOOKMARK [1][-]{section.721}{vænge}{}% 1441
\BOOKMARK [2][-]{subsection.721.1}{xNC}{section.721}% 1442
\BOOKMARK [1][-]{section.722}{væpnere}{}% 1443
\BOOKMARK [2][-]{subsection.722.1}{xNC}{section.722}% 1444
\BOOKMARK [1][-]{section.723}{væreld}{}% 1445
\BOOKMARK [2][-]{subsection.723.1}{xNC}{section.723}% 1446
\BOOKMARK [1][-]{section.724}{værje}{}% 1447
\BOOKMARK [2][-]{subsection.724.1}{xNC}{section.724}% 1448
\BOOKMARK [1][-]{section.725}{værkmæstere}{}% 1449
\BOOKMARK [2][-]{subsection.725.1}{xNC}{section.725}% 1450
\BOOKMARK [1][-]{section.726}{værn}{}% 1451
\BOOKMARK [2][-]{subsection.726.1}{xNC}{section.726}% 1452
\BOOKMARK [1][-]{section.727}{værth}{}% 1453
\BOOKMARK [2][-]{subsection.727.1}{xNC}{section.727}% 1454
\BOOKMARK [1][-]{section.728}{væsten}{}% 1455
\BOOKMARK [2][-]{subsection.728.1}{xNC}{section.728}% 1456
\BOOKMARK [1][-]{section.729}{yvervald}{}% 1457
\BOOKMARK [2][-]{subsection.729.1}{xNC}{section.729}% 1458
\BOOKMARK [1][-]{section.730}{æfterkomende}{}% 1459
\BOOKMARK [2][-]{subsection.730.1}{xNC}{section.730}% 1460
\BOOKMARK [1][-]{section.731}{æfterkomere}{}% 1461
\BOOKMARK [2][-]{subsection.731.1}{xNC}{section.731}% 1462
\BOOKMARK [1][-]{section.732}{æfterlive}{}% 1463
\BOOKMARK [2][-]{subsection.732.1}{xNC}{section.732}% 1464
\BOOKMARK [1][-]{section.733}{æfterlivende}{}% 1465
\BOOKMARK [2][-]{subsection.733.1}{xNC}{section.733}% 1466
\BOOKMARK [1][-]{section.734}{æfterlivere}{}% 1467
\BOOKMARK [2][-]{subsection.734.1}{xNC}{section.734}% 1468
\BOOKMARK [1][-]{section.735}{æfterliverske}{}% 1469
\BOOKMARK [2][-]{subsection.735.1}{xNC}{section.735}% 1470
\BOOKMARK [1][-]{section.736}{æmbæte}{}% 1471
\BOOKMARK [2][-]{subsection.736.1}{xNC}{section.736}% 1472
\BOOKMARK [1][-]{section.737}{æmbætesman}{}% 1473
\BOOKMARK [2][-]{subsection.737.1}{xNC}{section.737}% 1474
\BOOKMARK [1][-]{section.738}{ænde}{}% 1475
\BOOKMARK [2][-]{subsection.738.1}{xNC}{section.738}% 1476
\BOOKMARK [1][-]{section.739}{æng}{}% 1477
\BOOKMARK [2][-]{subsection.739.1}{xNC}{section.739}% 1478
\BOOKMARK [1][-]{section.740}{æng+vang}{}% 1479
\BOOKMARK [2][-]{subsection.740.1}{xNC}{section.740}% 1480
\BOOKMARK [1][-]{section.741}{ænghaghe}{}% 1481
\BOOKMARK [2][-]{subsection.741.1}{xNC}{section.741}% 1482
\BOOKMARK [1][-]{section.742}{ænkje}{}% 1483
\BOOKMARK [2][-]{subsection.742.1}{xNC}{section.742}% 1484
\BOOKMARK [1][-]{section.743}{æple+haghe}{}% 1485
\BOOKMARK [2][-]{subsection.743.1}{xNC}{section.743}% 1486
\BOOKMARK [1][-]{section.744}{æplegarth}{}% 1487
\BOOKMARK [2][-]{subsection.744.1}{xNC}{section.744}% 1488
\BOOKMARK [1][-]{section.745}{ære}{}% 1489
\BOOKMARK [2][-]{subsection.745.1}{xNC}{section.745}% 1490
\BOOKMARK [1][-]{section.746}{ærende}{}% 1491
\BOOKMARK [2][-]{subsection.746.1}{xNC}{section.746}% 1492
\BOOKMARK [1][-]{section.747}{ærkebiskop}{}% 1493
\BOOKMARK [2][-]{subsection.747.1}{xNC}{section.747}% 1494
\BOOKMARK [1][-]{section.748}{ærkedjakn}{}% 1495
\BOOKMARK [2][-]{subsection.748.1}{xNC}{section.748}% 1496
\BOOKMARK [1][-]{section.749}{ærvethe}{}% 1497
\BOOKMARK [2][-]{subsection.749.1}{xNC}{section.749}% 1498
\BOOKMARK [1][-]{section.750}{ærving}{}% 1499
\BOOKMARK [2][-]{subsection.750.1}{xNC}{section.750}% 1500
\BOOKMARK [1][-]{section.751}{øl}{}% 1501
\BOOKMARK [2][-]{subsection.751.1}{xNC}{section.751}% 1502
\BOOKMARK [1][-]{section.752}{øre}{}% 1503
\BOOKMARK [2][-]{subsection.752.1}{xNC}{section.752}% 1504
\BOOKMARK [1][-]{section.753}{ørtogh}{}% 1505
\BOOKMARK [2][-]{subsection.753.1}{xNC}{section.753}% 1506
\BOOKMARK [1][-]{section.754}{øthegarth}{}% 1507
\BOOKMARK [2][-]{subsection.754.1}{xNC}{section.754}% 1508
